============================================================
[INIT] Polymarket Maker AutoRun - 聚合器启动
[VERSION] 支持book/tick事件处理 (2026-01-21)
[INIT] 主程序日志: /home/trader/polymarket_api/POLYMARKET_MAKER_copytrade/POLYMARKET_MAKER_copytrade_v2/POLYMARKET_MAKER_AUTO/logs/autorun/autorun_main_20260225_072636.log
============================================================
[INIT] 市场状态检测器已初始化
[INIT] 尚无历史处理话题记录
[COPYTRADE] 已读取 token 91 条 | /home/trader/polymarket_api/POLYMARKET_MAKER_copytrade/POLYMARKET_MAKER_copytrade_v2/copytrade/tokens_from_copytrade.json
[INIT] autorun start | copytrade_poll=30.0s strategy_mode=classic burst_slots=10
[BUY_GATE] 余额门禁状态切换: 暂停买入 | free_balance=107.1308 M=120.0000
[COPYTRADE] 已读取 token 91 条 | /home/trader/polymarket_api/POLYMARKET_MAKER_copytrade/POLYMARKET_MAKER_copytrade_v2/copytrade/tokens_from_copytrade.json
[INCR] 新话题 91 个，将更新历史记录 preview=109485896404435445224771356926428046595093346501629729876439793593978284351864, 63369941481876265079669200084080935839244983653494876131040874623657755022508, 20291510172445555423750486317902628886050613503573915862444639378032386088296, 39026865808627218960755273625860135118958858712873688785555474777825140512933, 20294480808593556060521766763233040937161644261106468868449852592476545850621
[COPYTRADE][INFO] 持仓检查失败 token=109485896404435445224771356926428046595093346501629729876439793593978284351864 info=未找到持仓记录
[COPYTRADE][INFO] 持仓检查失败 token=20291510172445555423750486317902628886050613503573915862444639378032386088296 info=未找到持仓记录
[COPYTRADE][INFO] 持仓检查失败 token=20294480808593556060521766763233040937161644261106468868449852592476545850621 info=未找到持仓记录
[COPYTRADE][INFO] 持仓检查失败 token=111140858756679672855496335009166515388069256844669514478723925327224070650753 info=未找到持仓记录
[COPYTRADE][INFO] 持仓检查失败 token=10832696757358093775468120009000761778513405247768868107262967513475277652998 info=未找到持仓记录
[COPYTRADE][INFO] 持仓检查失败 token=109850128120228773147808364250749366483027340297016059423250124123148399192953 info=未找到持仓记录
[COPYTRADE][INFO] 持仓检查失败 token=928400780930749866745013419200980194782564895848002705189618541772898139762 info=未找到持仓记录
[COPYTRADE][INFO] 持仓检查失败 token=83498203203588119923598556336277392015518869300638561512118562347789179988835 info=未找到持仓记录
[COPYTRADE][INFO] 持仓检查失败 token=23311563303783760858176166115231875564829760730498992986905724285046115223219 info=未找到持仓记录
[COPYTRADE][INFO] 持仓检查失败 token=108429706881050535136553495584290453237980841377573952900810709890585276168668 info=未找到持仓记录
[COPYTRADE][INFO] 持仓检查失败 token=81597160891975336100117101087183012959341169529180921433678346516276478487145 info=未找到持仓记录
[COPYTRADE][INFO] 持仓检查失败 token=9364914323511632098136208725582499179584462569916882331258420155747155262918 info=未找到持仓记录
[COPYTRADE][INFO] 持仓检查失败 token=81924740335799129335346235217372109402691762710891660601791585751339015673521 info=未找到持仓记录
[COPYTRADE][INFO] 持仓检查失败 token=106214838748464318306908845186924711364109977221733477294681400956129457480380 info=未找到持仓记录
[COPYTRADE][INFO] 持仓检查失败 token=93022293018617900932070441511768711127318804020965584357998479118801288986759 info=未找到持仓记录
[COPYTRADE][INFO] 持仓检查失败 token=104071616575689490708756996503755160411785604144351427331378560378097635400347 info=未找到持仓记录
[COPYTRADE][INFO] 持仓检查失败 token=96546182602923845565665333214247145480942442058633439074100378407858539142465 info=未找到持仓记录
[COPYTRADE][INFO] 持仓检查失败 token=65408196619148395900157103075348925226408413950171264930776418554176377044666 info=未找到持仓记录
[COPYTRADE][INFO] 持仓检查失败 token=104894938391189807862361277765134514076044133563085752215952400958137116339740 info=未找到持仓记录
[COPYTRADE][INFO] 持仓检查失败 token=288057296540991983828760211033455452833083721652167525083338558037472595911 info=未找到持仓记录
[COPYTRADE][INFO] 持仓检查失败 token=14074352767725762239521535505811832749046797820641314567351702112790117211906 info=未找到持仓记录
[COPYTRADE][INFO] 持仓检查失败 token=874461247282009622695174533976304870112518611100551261224325693932226104320 info=未找到持仓记录
[COPYTRADE][INFO] 持仓检查失败 token=10294751913664150954490376491698671979327007140911807306258100671330452028850 info=未找到持仓记录
[COPYTRADE][INFO] 持仓检查失败 token=33602159479089523059732542049867341587965140549891383557317559348569646845050 info=未找到持仓记录
[COPYTRADE][INFO] 持仓检查失败 token=9357284272507998694735687978539458448259652625313419995401869358974326957512 info=未找到持仓记录
[COPYTRADE][INFO] 持仓检查失败 token=23815347802272610648758936503799062845475788582404508702249361705073087604390 info=未找到持仓记录
[COPYTRADE][INFO] 持仓检查失败 token=37975265083682450969967223199653164268542375291978582835346444673615244164455 info=未找到持仓记录
[COPYTRADE][INFO] 持仓检查失败 token=31855172254398395022586050472162698729124802414870579979071243373446988334227 info=未找到持仓记录
[COPYTRADE][INFO] 持仓检查失败 token=107947689596119780753863883349502719627609745907509702996272499250135140801775 info=未找到持仓记录
[COPYTRADE][INFO] 持仓检查失败 token=58694455781823268657989263978032362696347680243637619993302682700580109967562 info=未找到持仓记录
[COPYTRADE][INFO] 持仓检查失败 token=63143918686236233928672983984129058891473353803994659201131614781821505294362 info=未找到持仓记录
[COPYTRADE][INFO] 持仓检查失败 token=5754710123930220413486827317263745112852709449246062992387303025259558580795 info=未找到持仓记录
[COPYTRADE][INFO] 持仓检查失败 token=57704926453315228454859696633043267377693690288762684555271658075169475584162 info=未找到持仓记录
[COPYTRADE][INFO] 持仓检查失败 token=86932416593965362960958618540292381929232036834504032325292513585908842823776 info=未找到持仓记录
[COPYTRADE][INFO] 持仓检查失败 token=68523034198367222802500826038762601843180299575046979633972175746563480743901 info=未找到持仓记录
[COPYTRADE][INFO] 持仓检查失败 token=106181075047366745139197108801635573283215248045056329679360376976893016488727 info=未找到持仓记录
[COPYTRADE][INFO] 持仓检查失败 token=53972399583250140351741302635253003739860560318254034032412166392359482834932 info=未找到持仓记录
[COPYTRADE][INFO] 持仓检查失败 token=75629438156883586585047865427819133453415666680249325674468616840331972743827 info=未找到持仓记录
[COPYTRADE][INFO] 持仓检查失败 token=68098413425387156901661264006859336697716082442756398853777088643624304659406 info=未找到持仓记录
[COPYTRADE][INFO] 持仓检查失败 token=35865148872822708141541201752504179604480335598012998217672823533422439040565 info=未找到持仓记录
[COPYTRADE][INFO] 持仓检查失败 token=39890597962674457250845749449459665270751867381015505470046259265145192761452 info=未找到持仓记录
[COPYTRADE][INFO] 持仓检查失败 token=6908205299558626848567089005444007684756403099098938323158523299987838713291 info=未找到持仓记录
[COPYTRADE][INFO] 持仓检查失败 token=19645817701828818397220543595349119917949856386334259090194137550950595674044 info=未找到持仓记录
[COPYTRADE][INFO] 持仓检查失败 token=64517484620632901391269811472355410565257253256095925832935594198632128300562 info=未找到持仓记录
[COPYTRADE][INFO] 持仓检查失败 token=10534554111151575830463078988883726237521425082130865081997057866229604026611 info=未找到持仓记录
[COPYTRADE][INFO] 持仓检查失败 token=22996789551661662474390044618962499604207840709146832918729982067549000807440 info=未找到持仓记录
[COPYTRADE][INFO] 持仓检查失败 token=31046246770755208388236165208297035118765781566340972860745621079313610089280 info=未找到持仓记录
[COPYTRADE][INFO] 持仓检查失败 token=13319326901197492949092143702264537472965227970165713341548690454344451869798 info=未找到持仓记录
[COPYTRADE][INFO] 持仓检查失败 token=75738288053294378524343805580828602498075986599689561282865095867049710505373 info=未找到持仓记录
[COPYTRADE][INFO] 持仓检查失败 token=26721641658578910850400467922902137112767338738318620899764587083396221213881 info=未找到持仓记录
[COPYTRADE][INFO] 持仓检查失败 token=16349203805755838111822959621028543961243759278137456243377710680911188657184 info=未找到持仓记录
[BUY_GATE] 低余额暂停中：新增 token 91 个已进入回填队列，待余额恢复后再回填
[COPYTRADE][INFO] 持仓检查失败 token=13319326901197492949092143702264537472965227970165713341548690454344451869798 info=未找到持仓记录
[COPYTRADE][INFO] 持仓检查失败 token=31046246770755208388236165208297035118765781566340972860745621079313610089280 info=未找到持仓记录
[COPYTRADE][INFO] 持仓检查失败 token=22996789551661662474390044618962499604207840709146832918729982067549000807440 info=未找到持仓记录
[COPYTRADE][INFO] 持仓检查失败 token=10534554111151575830463078988883726237521425082130865081997057866229604026611 info=未找到持仓记录
[COPYTRADE][INFO] 持仓检查失败 token=64517484620632901391269811472355410565257253256095925832935594198632128300562 info=未找到持仓记录
[COPYTRADE][INFO] 持仓检查失败 token=19645817701828818397220543595349119917949856386334259090194137550950595674044 info=未找到持仓记录
[COPYTRADE][INFO] 持仓检查失败 token=6908205299558626848567089005444007684756403099098938323158523299987838713291 info=未找到持仓记录
[COPYTRADE][INFO] 持仓检查失败 token=39890597962674457250845749449459665270751867381015505470046259265145192761452 info=未找到持仓记录
[COPYTRADE][INFO] 持仓检查失败 token=35865148872822708141541201752504179604480335598012998217672823533422439040565 info=未找到持仓记录
[COPYTRADE][INFO] 持仓检查失败 token=68098413425387156901661264006859336697716082442756398853777088643624304659406 info=未找到持仓记录
[COPYTRADE][INFO] 持仓检查失败 token=75629438156883586585047865427819133453415666680249325674468616840331972743827 info=未找到持仓记录
[COPYTRADE][INFO] 持仓检查失败 token=53972399583250140351741302635253003739860560318254034032412166392359482834932 info=未找到持仓记录
[COPYTRADE][INFO] 持仓检查失败 token=106181075047366745139197108801635573283215248045056329679360376976893016488727 info=未找到持仓记录
[COPYTRADE][INFO] 持仓检查失败 token=68523034198367222802500826038762601843180299575046979633972175746563480743901 info=未找到持仓记录
[COPYTRADE][INFO] 持仓检查失败 token=86932416593965362960958618540292381929232036834504032325292513585908842823776 info=未找到持仓记录
[COPYTRADE][INFO] 持仓检查失败 token=57704926453315228454859696633043267377693690288762684555271658075169475584162 info=未找到持仓记录
[COPYTRADE][INFO] 持仓检查失败 token=5754710123930220413486827317263745112852709449246062992387303025259558580795 info=未找到持仓记录
[COPYTRADE][INFO] 持仓检查失败 token=63143918686236233928672983984129058891473353803994659201131614781821505294362 info=未找到持仓记录
[COPYTRADE][INFO] 持仓检查失败 token=58694455781823268657989263978032362696347680243637619993302682700580109967562 info=未找到持仓记录
[COPYTRADE][INFO] 持仓检查失败 token=107947689596119780753863883349502719627609745907509702996272499250135140801775 info=未找到持仓记录
[COPYTRADE][INFO] 持仓检查失败 token=31855172254398395022586050472162698729124802414870579979071243373446988334227 info=未找到持仓记录
[COPYTRADE][INFO] 持仓检查失败 token=37975265083682450969967223199653164268542375291978582835346444673615244164455 info=未找到持仓记录
[COPYTRADE][INFO] 持仓检查失败 token=23815347802272610648758936503799062845475788582404508702249361705073087604390 info=未找到持仓记录
[COPYTRADE][INFO] 持仓检查失败 token=9357284272507998694735687978539458448259652625313419995401869358974326957512 info=未找到持仓记录
[COPYTRADE][INFO] 持仓检查失败 token=33602159479089523059732542049867341587965140549891383557317559348569646845050 info=未找到持仓记录
[COPYTRADE][INFO] 持仓检查失败 token=10294751913664150954490376491698671979327007140911807306258100671330452028850 info=未找到持仓记录
[COPYTRADE][INFO] 持仓检查失败 token=874461247282009622695174533976304870112518611100551261224325693932226104320 info=未找到持仓记录
[COPYTRADE][INFO] 持仓检查失败 token=14074352767725762239521535505811832749046797820641314567351702112790117211906 info=未找到持仓记录
[COPYTRADE][INFO] 持仓检查失败 token=288057296540991983828760211033455452833083721652167525083338558037472595911 info=未找到持仓记录
[COPYTRADE][INFO] 持仓检查失败 token=104894938391189807862361277765134514076044133563085752215952400958137116339740 info=未找到持仓记录
[COPYTRADE][INFO] 持仓检查失败 token=65408196619148395900157103075348925226408413950171264930776418554176377044666 info=未找到持仓记录
[COPYTRADE][INFO] 持仓检查失败 token=96546182602923845565665333214247145480942442058633439074100378407858539142465 info=未找到持仓记录
[COPYTRADE][INFO] 持仓检查失败 token=104071616575689490708756996503755160411785604144351427331378560378097635400347 info=未找到持仓记录
[COPYTRADE][INFO] 持仓检查失败 token=93022293018617900932070441511768711127318804020965584357998479118801288986759 info=未找到持仓记录
[COPYTRADE][INFO] 持仓检查失败 token=106214838748464318306908845186924711364109977221733477294681400956129457480380 info=未找到持仓记录
[COPYTRADE][INFO] 持仓检查失败 token=81924740335799129335346235217372109402691762710891660601791585751339015673521 info=未找到持仓记录
[COPYTRADE][INFO] 持仓检查失败 token=9364914323511632098136208725582499179584462569916882331258420155747155262918 info=未找到持仓记录
[COPYTRADE][INFO] 持仓检查失败 token=81597160891975336100117101087183012959341169529180921433678346516276478487145 info=未找到持仓记录
[COPYTRADE][INFO] 持仓检查失败 token=108429706881050535136553495584290453237980841377573952900810709890585276168668 info=未找到持仓记录
[COPYTRADE][INFO] 持仓检查失败 token=23311563303783760858176166115231875564829760730498992986905724285046115223219 info=未找到持仓记录
[COPYTRADE][INFO] 持仓检查失败 token=83498203203588119923598556336277392015518869300638561512118562347789179988835 info=未找到持仓记录
[COPYTRADE][INFO] 持仓检查失败 token=928400780930749866745013419200980194782564895848002705189618541772898139762 info=未找到持仓记录
[COPYTRADE][INFO] 持仓检查失败 token=109850128120228773147808364250749366483027340297016059423250124123148399192953 info=未找到持仓记录
[COPYTRADE][INFO] 持仓检查失败 token=10832696757358093775468120009000761778513405247768868107262967513475277652998 info=未找到持仓记录
[COPYTRADE][INFO] 持仓检查失败 token=111140858756679672855496335009166515388069256844669514478723925327224070650753 info=未找到持仓记录
[COPYTRADE][INFO] 持仓检查失败 token=20294480808593556060521766763233040937161644261106468868449852592476545850621 info=未找到持仓记录
[COPYTRADE][INFO] 持仓检查失败 token=20291510172445555423750486317902628886050613503573915862444639378032386088296 info=未找到持仓记录
[COPYTRADE][INFO] 持仓检查失败 token=109485896404435445224771356926428046595093346501629729876439793593978284351864 info=未找到持仓记录

[REFILL] ========== Slot回填检查 ==========
[REFILL] 当前运行: 0/15
[REFILL] 可用slot: 15
[REFILL] 可回填token: 40 个
[REFILL] + 回填 token=63369941481876265079... 原因=LOW_BALANCE_PAUSE 状态=有持仓→等待卖出 重试=1/3
[REFILL] + 回填 token=39026865808627218960... 原因=LOW_BALANCE_PAUSE 状态=有持仓→等待卖出 重试=1/3
[REFILL] + 回填 token=16685638071290527000... 原因=LOW_BALANCE_PAUSE 状态=有持仓→等待卖出 重试=1/3
[REFILL] + 回填 token=15704223254061637699... 原因=LOW_BALANCE_PAUSE 状态=有持仓→等待卖出 重试=1/3
[REFILL] + 回填 token=19107126868973431772... 原因=LOW_BALANCE_PAUSE 状态=有持仓→等待卖出 重试=1/3
[REFILL] + 回填 token=25673340919577436525... 原因=LOW_BALANCE_PAUSE 状态=有持仓→等待卖出 重试=1/3
[REFILL] + 回填 token=57470885873840249819... 原因=LOW_BALANCE_PAUSE 状态=有持仓→等待卖出 重试=1/3
[REFILL] + 回填 token=61959678634041606853... 原因=LOW_BALANCE_PAUSE 状态=有持仓→等待卖出 重试=1/3
[REFILL] + 回填 token=24823270982069372386... 原因=LOW_BALANCE_PAUSE 状态=有持仓→等待卖出 重试=1/3
[REFILL] + 回填 token=88242329595155724692... 原因=LOW_BALANCE_PAUSE 状态=有持仓→等待卖出 重试=1/3
[REFILL] + 回填 token=21761012477558852778... 原因=LOW_BALANCE_PAUSE 状态=有持仓→等待卖出 重试=1/3
[REFILL] + 回填 token=10249390055164570152... 原因=LOW_BALANCE_PAUSE 状态=有持仓→等待卖出 重试=1/3
[REFILL] + 回填 token=43639546326740482251... 原因=LOW_BALANCE_PAUSE 状态=有持仓→等待卖出 重试=1/3
[REFILL] + 回填 token=32716028541739585090... 原因=LOW_BALANCE_PAUSE 状态=有持仓→等待卖出 重试=1/3
[REFILL] + 回填 token=82209590231779792807... 原因=LOW_BALANCE_PAUSE 状态=有持仓→等待卖出 重试=1/3
[REFILL] + 回填 token=55201180171382344648... 原因=LOW_BALANCE_PAUSE 状态=有持仓→等待卖出 重试=1/3
[REFILL] + 回填 token=62953677644194459197... 原因=LOW_BALANCE_PAUSE 状态=有持仓→等待卖出 重试=1/3
[REFILL] + 回填 token=92338023949892178944... 原因=LOW_BALANCE_PAUSE 状态=有持仓→等待卖出 重试=1/3
[REFILL] + 回填 token=10516581659619389627... 原因=LOW_BALANCE_PAUSE 状态=有持仓→等待卖出 重试=1/3
[REFILL] + 回填 token=80339409420962166114... 原因=LOW_BALANCE_PAUSE 状态=有持仓→等待卖出 重试=1/3
[REFILL] + 回填 token=69253848776247351984... 原因=LOW_BALANCE_PAUSE 状态=有持仓→等待卖出 重试=1/3
[REFILL] + 回填 token=34554555827438551101... 原因=LOW_BALANCE_PAUSE 状态=有持仓→等待卖出 重试=1/3
[REFILL] + 回填 token=98250445447699368679... 原因=LOW_BALANCE_PAUSE 状态=有持仓→等待卖出 重试=1/3
[REFILL] + 回填 token=91385838794234348225... 原因=LOW_BALANCE_PAUSE 状态=有持仓→等待卖出 重试=1/3
[REFILL] + 回填 token=67962144252605414936... 原因=LOW_BALANCE_PAUSE 状态=有持仓→等待卖出 重试=1/3
[REFILL] + 回填 token=74341056958547120660... 原因=LOW_BALANCE_PAUSE 状态=有持仓→等待卖出 重试=1/3
[REFILL] + 回填 token=10802521363627123794... 原因=LOW_BALANCE_PAUSE 状态=有持仓→等待卖出 重试=1/3
[REFILL] + 回填 token=24394670903706558879... 原因=LOW_BALANCE_PAUSE 状态=有持仓→等待卖出 重试=1/3
[REFILL] + 回填 token=84523829164693740056... 原因=LOW_BALANCE_PAUSE 状态=有持仓→等待卖出 重试=1/3
[REFILL] + 回填 token=44169729231600183934... 原因=LOW_BALANCE_PAUSE 状态=有持仓→等待卖出 重试=1/3
[REFILL] + 回填 token=46746822541461330721... 原因=LOW_BALANCE_PAUSE 状态=有持仓→等待卖出 重试=1/3
[REFILL] + 回填 token=10775023551814336976... 原因=LOW_BALANCE_PAUSE 状态=有持仓→等待卖出 重试=1/3
[REFILL] + 回填 token=73056302498040856354... 原因=LOW_BALANCE_PAUSE 状态=有持仓→等待卖出 重试=1/3
[REFILL] + 回填 token=10678195145345934117... 原因=LOW_BALANCE_PAUSE 状态=有持仓→等待卖出 重试=1/3
[REFILL] + 回填 token=42498579290170525937... 原因=LOW_BALANCE_PAUSE 状态=有持仓→等待卖出 重试=1/3
[REFILL] + 回填 token=15293044199343636743... 原因=LOW_BALANCE_PAUSE 状态=有持仓→等待卖出 重试=1/3
[REFILL] + 回填 token=95295406282535357455... 原因=LOW_BALANCE_PAUSE 状态=有持仓→等待卖出 重试=1/3
[REFILL] + 回填 token=91167706486726179548... 原因=LOW_BALANCE_PAUSE 状态=有持仓→等待卖出 重试=1/3
[REFILL] + 回填 token=73863389047364311729... 原因=LOW_BALANCE_PAUSE 状态=有持仓→等待卖出 重试=1/3
[REFILL] + 回填 token=17684103634551804737... 原因=LOW_BALANCE_PAUSE 状态=有持仓→等待卖出 重试=1/3
[REFILL] 已添加 40 个token到pending队列
[REFILL] ========================================

[WS][AGGREGATOR] ✓ 新增订阅 40 个token:
    67962144...96396309
    55201180...92767599
    88242329...82675962
    84523829...42466065
    19107126...85463771
    ... (还有 35 个)
[WS][AGGREGATOR][DEBUG] 完整订阅列表 (40 个):
    [1] 10249390...06805154
    [2] 10516581...06484878
    [3] 10678195...49675278
    [4] 10775023...76008941
    [5] 10802521...37505626
    [6] 15293044...75206721
    [7] 15704223...92327272
    [8] 16685638...03026779
    [9] 17684103...96400871
    [10] 19107126...85463771
    [11] 21761012...03720248
    [12] 24394670...41818512
    [13] 24823270...27170245
    [14] 25673340...89648414
    [15] 32716028...58130479
    [16] 34554555...96532498
    [17] 39026865...40512933
    [18] 42498579...24619073
    [19] 43639546...33675559
    [20] 44169729...35924872
    [21] 46746822...86702095
    [22] 55201180...92767599
    [23] 57470885...47312208
    [24] 61959678...92708368
    [25] 62953677...23659766
    [26] 63369941...55022508
    [27] 67962144...96396309
    [28] 69253848...09857351
    [29] 73056302...94952392
    [30] 73863389...76572888
    [31] 74341056...06615573
    [32] 80339409...26311527
    [33] 82209590...61050494
    [34] 84523829...42466065
    [35] 88242329...82675962
    [36] 91167706...41400461
    [37] 91385838...09259623
    [38] 92338023...13496073
    [39] 95295406...74048834
    [40] 98250445...63117329

[WS][AGGREGATOR] 初始化增量订阅客户端...
[WS][AGGREGATOR] 聚合订阅启动，tokens=40
[WS][AGGREGATOR] 缓存文件: /home/trader/polymarket_api/POLYMARKET_MAKER_copytrade/POLYMARKET_MAKER_copytrade_v2/POLYMARKET_MAKER_AUTO/data/ws_cache.json
[WS][AGGREGATOR] ✓ 使用增量订阅模式（避免WS重启导致的数据中断）
[WS][AGGREGATOR] 缓存更新统计: 1 次/分钟, tokens=1, last_seq=1
[STATUS] mode=classic pending_base=40 pending_burst=0 pending_exit=0
[STATUS] pending_base_roles={'refill_with_position': 40} pending_burst_roles={}
[RUN] 当前无运行中的话题
[STATE] 已写入运行状态到 /home/trader/polymarket_api/POLYMARKET_MAKER_copytrade/POLYMARKET_MAKER_copytrade_v2/POLYMARKET_MAKER_AUTO/data/autorun_status.json
[LOG_CLEANUP] 检查完成，无需清理（保留 7 天内的文件）
[WS][FILTER][DEBUG] 发现未订阅的token: 55009504...44055437
[WS][FILTER][DEBUG] 当前订阅列表 (40 个):
    10249390...06805154
    10516581...06484878
    10678195...49675278
    10775023...76008941
    10802521...37505626
    ... (还有 35 个)
[WS][FILTER] 过滤未订阅的token（可能是配对token）: 1 个
  - 55009504...44055437
[GLB_LIQ][METRICS] running=0/15 idle_ratio=1.00 idle_minutes=0.0 no_trade_minutes=4.0 free_balance=107.1308
[WS][AGGREGATOR] ✓ WS连接正常 (已订阅: 40 个token)
[WS][FLOW] 数据流正常，30秒内收到 53 个事件
[BUY_GATE] 保留有持仓token可卖出: 63369941481876265079...
[BUY_GATE] 保留有持仓token可卖出: 39026865808627218960...
[BUY_GATE] 保留有持仓token可卖出: 16685638071290527000...
[BUY_GATE] 保留有持仓token可卖出: 15704223254061637699...
[BUY_GATE] 保留有持仓token可卖出: 19107126868973431772...
[BUY_GATE] 保留有持仓token可卖出: 25673340919577436525...
[BUY_GATE] 保留有持仓token可卖出: 57470885873840249819...
[BUY_GATE] 保留有持仓token可卖出: 61959678634041606853...
[BUY_GATE] 保留有持仓token可卖出: 24823270982069372386...
[BUY_GATE] 保留有持仓token可卖出: 88242329595155724692...
[BUY_GATE] 保留有持仓token可卖出: 21761012477558852778...
[BUY_GATE] 保留有持仓token可卖出: 10249390055164570152...
[BUY_GATE] 保留有持仓token可卖出: 43639546326740482251...
[BUY_GATE] 保留有持仓token可卖出: 32716028541739585090...
[BUY_GATE] 保留有持仓token可卖出: 82209590231779792807...
[BUY_GATE] 保留有持仓token可卖出: 55201180171382344648...
[BUY_GATE] 保留有持仓token可卖出: 62953677644194459197...
[BUY_GATE] 保留有持仓token可卖出: 92338023949892178944...
[BUY_GATE] 保留有持仓token可卖出: 10516581659619389627...
[BUY_GATE] 保留有持仓token可卖出: 80339409420962166114...
[BUY_GATE] 保留有持仓token可卖出: 69253848776247351984...
[BUY_GATE] 保留有持仓token可卖出: 34554555827438551101...
[BUY_GATE] 保留有持仓token可卖出: 98250445447699368679...
[BUY_GATE] 保留有持仓token可卖出: 91385838794234348225...
[BUY_GATE] 保留有持仓token可卖出: 67962144252605414936...
[BUY_GATE] 保留有持仓token可卖出: 74341056958547120660...
[BUY_GATE] 保留有持仓token可卖出: 10802521363627123794...
[BUY_GATE] 保留有持仓token可卖出: 24394670903706558879...
[BUY_GATE] 保留有持仓token可卖出: 84523829164693740056...
[BUY_GATE] 保留有持仓token可卖出: 44169729231600183934...
[BUY_GATE] 保留有持仓token可卖出: 46746822541461330721...
[BUY_GATE] 保留有持仓token可卖出: 10775023551814336976...
[BUY_GATE] 保留有持仓token可卖出: 73056302498040856354...
[BUY_GATE] 保留有持仓token可卖出: 10678195145345934117...
[BUY_GATE] 保留有持仓token可卖出: 42498579290170525937...
[BUY_GATE] 保留有持仓token可卖出: 15293044199343636743...
[BUY_GATE] 保留有持仓token可卖出: 95295406282535357455...
[BUY_GATE] 保留有持仓token可卖出: 91167706486726179548...
[BUY_GATE] 保留有持仓token可卖出: 73863389047364311729...
[BUY_GATE] 保留有持仓token可卖出: 17684103634551804737...
[BUY_GATE] 低余额策略：保留 40 个有持仓token可启动卖出
[SCHEDULE] topic=63369941481876265079669200084080935839244983653494876131040874623657755022508 启动前随机延迟 2.62s 以错峰运行
[WS][CHILD] topic=63369941... → 共享 WS 模式 ✓
[START] topic=63369941481876265079669200084080935839244983653494876131040874623657755022508 pid=9441 log=/home/trader/polymarket_api/POLYMARKET_MAKER_copytrade/POLYMARKET_MAKER_copytrade_v2/POLYMARKET_MAKER_AUTO/logs/autorun/autorun_63369941481876265079669200084080935839244983653494876131040874623657755022508.log
[COPYTRADE] 已读取 token 91 条 | /home/trader/polymarket_api/POLYMARKET_MAKER_copytrade/POLYMARKET_MAKER_copytrade_v2/copytrade/tokens_from_copytrade.json
[COPYTRADE] 已读取 sell 信号 1 条 preview=106781951453459341172931170142261905339895131361349246923677059593112949675278
[COPYTRADE][INFO] SELL 持仓快照已刷新: positions=80
[COPYTRADE][INFO] SELL 全量复检: signals=1 positions=80 info=ok
[INCR] 无新增话题
[WS][AGGREGATOR] ✗ 移除订阅 1 个token:
    10678195...49675278
[COPYTRADE][INFO] 持仓检查失败 token=16349203805755838111822959621028543961243759278137456243377710680911188657184 info=未找到持仓记录
[COPYTRADE][INFO] 持仓检查失败 token=26721641658578910850400467922902137112767338738318620899764587083396221213881 info=未找到持仓记录
[COPYTRADE][INFO] 持仓检查失败 token=75738288053294378524343805580828602498075986599689561282865095867049710505373 info=未找到持仓记录
[COPYTRADE][INFO] 持仓检查失败 token=13319326901197492949092143702264537472965227970165713341548690454344451869798 info=未找到持仓记录
[COPYTRADE][INFO] 持仓检查失败 token=31046246770755208388236165208297035118765781566340972860745621079313610089280 info=未找到持仓记录
[COPYTRADE][INFO] 持仓检查失败 token=22996789551661662474390044618962499604207840709146832918729982067549000807440 info=未找到持仓记录
[COPYTRADE][INFO] 持仓检查失败 token=10534554111151575830463078988883726237521425082130865081997057866229604026611 info=未找到持仓记录
[COPYTRADE][INFO] 持仓检查失败 token=64517484620632901391269811472355410565257253256095925832935594198632128300562 info=未找到持仓记录
[COPYTRADE][INFO] 持仓检查失败 token=19645817701828818397220543595349119917949856386334259090194137550950595674044 info=未找到持仓记录
[COPYTRADE][INFO] 持仓检查失败 token=6908205299558626848567089005444007684756403099098938323158523299987838713291 info=未找到持仓记录
[COPYTRADE][INFO] 持仓检查失败 token=39890597962674457250845749449459665270751867381015505470046259265145192761452 info=未找到持仓记录
[COPYTRADE][INFO] 持仓检查失败 token=35865148872822708141541201752504179604480335598012998217672823533422439040565 info=未找到持仓记录
[WS][AGGREGATOR] 缓存更新统计: 1097 次/分钟, tokens=40, last_seq=9

[WS][CACHE_STATUS] 缓存中的token状态 (40 个):
  [1] 63369941...55022508: seq=16, bid=0.35, ask=0.36, age=1s
  [2] 10802521...37505626: seq=12, bid=0.29, ask=0.31, age=8s
  [3] 17684103...96400871: seq=98, bid=0.067, ask=0.069, age=3s
  [4] 57470885...47312208: seq=155, bid=0.69, ask=0.7, age=3s
  [5] 42498579...24619073: seq=3, bid=0.62, ask=0.63, age=32s
  [6] 80339409...26311527: seq=10, bid=0.87, ask=0.89, age=16s
  [7] 95295406...74048834: seq=8, bid=0.46, ask=0.49, age=16s
  [8] 10516581...06484878: seq=15, bid=0.26, ask=0.28, age=5s
  [9] 91385838...09259623: seq=26, bid=0.958, ask=0.96, age=1s
  [10] 10249390...06805154: seq=34, bid=0.39, ask=0.4, age=2s
  ... (还有 30 个token)

[WS][CLIENT] 连接状态: ✓, 已订阅: 39, 已确认: 35, 待订阅: 0, 连接次数: 1
[COPYTRADE][INFO] 持仓检查失败 token=68098413425387156901661264006859336697716082442756398853777088643624304659406 info=未找到持仓记录
[COPYTRADE][INFO] 持仓检查失败 token=75629438156883586585047865427819133453415666680249325674468616840331972743827 info=未找到持仓记录
[COPYTRADE][INFO] 持仓检查失败 token=53972399583250140351741302635253003739860560318254034032412166392359482834932 info=未找到持仓记录
[COPYTRADE][INFO] 持仓检查失败 token=106181075047366745139197108801635573283215248045056329679360376976893016488727 info=未找到持仓记录
[COPYTRADE][INFO] 持仓检查失败 token=68523034198367222802500826038762601843180299575046979633972175746563480743901 info=未找到持仓记录
[COPYTRADE][INFO] 持仓检查失败 token=86932416593965362960958618540292381929232036834504032325292513585908842823776 info=未找到持仓记录
[COPYTRADE][INFO] 持仓检查失败 token=57704926453315228454859696633043267377693690288762684555271658075169475584162 info=未找到持仓记录
[COPYTRADE][INFO] 持仓检查失败 token=5754710123930220413486827317263745112852709449246062992387303025259558580795 info=未找到持仓记录
[COPYTRADE][INFO] 持仓检查失败 token=63143918686236233928672983984129058891473353803994659201131614781821505294362 info=未找到持仓记录
[COPYTRADE][INFO] 持仓检查失败 token=58694455781823268657989263978032362696347680243637619993302682700580109967562 info=未找到持仓记录
[COPYTRADE][INFO] 持仓检查失败 token=107947689596119780753863883349502719627609745907509702996272499250135140801775 info=未找到持仓记录
[COPYTRADE][INFO] 持仓检查失败 token=31855172254398395022586050472162698729124802414870579979071243373446988334227 info=未找到持仓记录
[COPYTRADE][INFO] 持仓检查失败 token=37975265083682450969967223199653164268542375291978582835346444673615244164455 info=未找到持仓记录
[COPYTRADE][INFO] 持仓检查失败 token=23815347802272610648758936503799062845475788582404508702249361705073087604390 info=未找到持仓记录
[COPYTRADE][INFO] 持仓检查失败 token=9357284272507998694735687978539458448259652625313419995401869358974326957512 info=未找到持仓记录
[COPYTRADE][INFO] 持仓检查失败 token=33602159479089523059732542049867341587965140549891383557317559348569646845050 info=未找到持仓记录
[COPYTRADE][INFO] 持仓检查失败 token=10294751913664150954490376491698671979327007140911807306258100671330452028850 info=未找到持仓记录
[COPYTRADE][INFO] 持仓检查失败 token=874461247282009622695174533976304870112518611100551261224325693932226104320 info=未找到持仓记录
[COPYTRADE][INFO] 持仓检查失败 token=14074352767725762239521535505811832749046797820641314567351702112790117211906 info=未找到持仓记录
[COPYTRADE][INFO] 持仓检查失败 token=288057296540991983828760211033455452833083721652167525083338558037472595911 info=未找到持仓记录
[COPYTRADE][INFO] 持仓检查失败 token=104894938391189807862361277765134514076044133563085752215952400958137116339740 info=未找到持仓记录
[COPYTRADE][INFO] 持仓检查失败 token=65408196619148395900157103075348925226408413950171264930776418554176377044666 info=未找到持仓记录
[COPYTRADE][INFO] 持仓检查失败 token=96546182602923845565665333214247145480942442058633439074100378407858539142465 info=未找到持仓记录
[COPYTRADE][INFO] 持仓检查失败 token=104071616575689490708756996503755160411785604144351427331378560378097635400347 info=未找到持仓记录
[COPYTRADE][INFO] 持仓检查失败 token=93022293018617900932070441511768711127318804020965584357998479118801288986759 info=未找到持仓记录
[COPYTRADE][INFO] 持仓检查失败 token=106214838748464318306908845186924711364109977221733477294681400956129457480380 info=未找到持仓记录
[COPYTRADE][INFO] 持仓检查失败 token=81924740335799129335346235217372109402691762710891660601791585751339015673521 info=未找到持仓记录
[COPYTRADE][INFO] 持仓检查失败 token=9364914323511632098136208725582499179584462569916882331258420155747155262918 info=未找到持仓记录
[COPYTRADE][INFO] 持仓检查失败 token=81597160891975336100117101087183012959341169529180921433678346516276478487145 info=未找到持仓记录
[COPYTRADE][INFO] 持仓检查失败 token=108429706881050535136553495584290453237980841377573952900810709890585276168668 info=未找到持仓记录
[WS][AGGREGATOR] 缓存更新统计: 536 次/分钟, tokens=40, last_seq=23
[WS][STATS] 总事件: 1600, 已处理: 1599, 已过滤: 1
[WS][STATS] 过滤事件类型: {'new_market': 1}
[COPYTRADE][INFO] 持仓检查失败 token=23311563303783760858176166115231875564829760730498992986905724285046115223219 info=未找到持仓记录
[COPYTRADE][INFO] 持仓检查失败 token=83498203203588119923598556336277392015518869300638561512118562347789179988835 info=未找到持仓记录
[COPYTRADE][INFO] 持仓检查失败 token=928400780930749866745013419200980194782564895848002705189618541772898139762 info=未找到持仓记录
[COPYTRADE][INFO] 持仓检查失败 token=109850128120228773147808364250749366483027340297016059423250124123148399192953 info=未找到持仓记录
[COPYTRADE][INFO] 持仓检查失败 token=10832696757358093775468120009000761778513405247768868107262967513475277652998 info=未找到持仓记录
[COPYTRADE][INFO] 持仓检查失败 token=111140858756679672855496335009166515388069256844669514478723925327224070650753 info=未找到持仓记录
[COPYTRADE][INFO] 持仓检查失败 token=20294480808593556060521766763233040937161644261106468868449852592476545850621 info=未找到持仓记录
[COPYTRADE][INFO] 持仓检查失败 token=20291510172445555423750486317902628886050613503573915862444639378032386088296 info=未找到持仓记录
[COPYTRADE][INFO] 持仓检查失败 token=109485896404435445224771356926428046595093346501629729876439793593978284351864 info=未找到持仓记录
[REFILL] 无可回填token，记录=91 运行=1 pending=38
[STATUS] mode=classic pending_base=38 pending_burst=0 pending_exit=1
[STATUS] pending_base_roles={'refill_with_position': 38} pending_burst_roles={}
[RUN 1] topic=63369941481876265079669200084080935839244983653494876131040874623657755022508 status=running lane=base role=refill_with_position start=2026-02-25 07:31:09 pid=9441 hb=2026-02-25 07:31:09 notes=1 log=autorun_63369941481876265079669200084080935839244983653494876131040874623657755022508.log last_line=-
[STATE] 已写入运行状态到 /home/trader/polymarket_api/POLYMARKET_MAKER_copytrade/POLYMARKET_MAKER_copytrade_v2/POLYMARKET_MAKER_AUTO/data/autorun_status.json
[GLB_LIQ][METRICS] running=1/15 idle_ratio=0.93 idle_minutes=2.3 no_trade_minutes=6.3 free_balance=107.1308
[WS] 清仓进程将使用共享 WS 模式
[EXIT-CLEAN] token=106781951453459341172931170142261905339895131361349246923677059593112949675278 pid=9465 log=/home/trader/polymarket_api/POLYMARKET_MAKER_copytrade/POLYMARKET_MAKER_copytrade_v2/POLYMARKET_MAKER_AUTO/logs/autorun/autorun_exit_106781951453459341172931170142261905339895131361349246923677059593112949675278.log
[BUY_GATE] 保留有持仓token可卖出: 39026865808627218960...
[BUY_GATE] 保留有持仓token可卖出: 16685638071290527000...
[BUY_GATE] 保留有持仓token可卖出: 15704223254061637699...
[BUY_GATE] 保留有持仓token可卖出: 19107126868973431772...
[BUY_GATE] 保留有持仓token可卖出: 25673340919577436525...
[BUY_GATE] 保留有持仓token可卖出: 57470885873840249819...
[BUY_GATE] 保留有持仓token可卖出: 61959678634041606853...
[BUY_GATE] 保留有持仓token可卖出: 24823270982069372386...
[BUY_GATE] 保留有持仓token可卖出: 88242329595155724692...
[BUY_GATE] 保留有持仓token可卖出: 21761012477558852778...
[BUY_GATE] 保留有持仓token可卖出: 10249390055164570152...
[BUY_GATE] 保留有持仓token可卖出: 43639546326740482251...
[BUY_GATE] 保留有持仓token可卖出: 32716028541739585090...
[BUY_GATE] 保留有持仓token可卖出: 82209590231779792807...
[BUY_GATE] 保留有持仓token可卖出: 55201180171382344648...
[BUY_GATE] 保留有持仓token可卖出: 62953677644194459197...
[BUY_GATE] 保留有持仓token可卖出: 92338023949892178944...
[BUY_GATE] 保留有持仓token可卖出: 10516581659619389627...
[BUY_GATE] 保留有持仓token可卖出: 80339409420962166114...
[BUY_GATE] 保留有持仓token可卖出: 69253848776247351984...
[BUY_GATE] 保留有持仓token可卖出: 34554555827438551101...
[BUY_GATE] 保留有持仓token可卖出: 98250445447699368679...
[BUY_GATE] 保留有持仓token可卖出: 91385838794234348225...
[BUY_GATE] 保留有持仓token可卖出: 67962144252605414936...
[BUY_GATE] 保留有持仓token可卖出: 74341056958547120660...
[BUY_GATE] 保留有持仓token可卖出: 10802521363627123794...
[BUY_GATE] 保留有持仓token可卖出: 24394670903706558879...
[BUY_GATE] 保留有持仓token可卖出: 84523829164693740056...
[BUY_GATE] 保留有持仓token可卖出: 44169729231600183934...
[BUY_GATE] 保留有持仓token可卖出: 46746822541461330721...
[BUY_GATE] 保留有持仓token可卖出: 10775023551814336976...
[BUY_GATE] 保留有持仓token可卖出: 73056302498040856354...
[BUY_GATE] 保留有持仓token可卖出: 42498579290170525937...
[BUY_GATE] 保留有持仓token可卖出: 15293044199343636743...
[BUY_GATE] 保留有持仓token可卖出: 95295406282535357455...
[BUY_GATE] 保留有持仓token可卖出: 91167706486726179548...
[BUY_GATE] 保留有持仓token可卖出: 73863389047364311729...
[BUY_GATE] 保留有持仓token可卖出: 17684103634551804737...
[BUY_GATE] 低余额策略：保留 38 个有持仓token可启动卖出
[SCHEDULE] topic=39026865808627218960755273625860135118958858712873688785555474777825140512933 启动前随机延迟 1.76s 以错峰运行
[WS][AGGREGATOR] ✓ 新增订阅 1 个token:
    10678195...49675278
[WS][CHILD] topic=39026865... → 共享 WS 模式 ✓
[START] topic=39026865808627218960755273625860135118958858712873688785555474777825140512933 pid=9467 log=/home/trader/polymarket_api/POLYMARKET_MAKER_copytrade/POLYMARKET_MAKER_copytrade_v2/POLYMARKET_MAKER_AUTO/logs/autorun/autorun_39026865808627218960755273625860135118958858712873688785555474777825140512933.log
[COPYTRADE] 已读取 token 91 条 | /home/trader/polymarket_api/POLYMARKET_MAKER_copytrade/POLYMARKET_MAKER_copytrade_v2/copytrade/tokens_from_copytrade.json
[COPYTRADE] 已读取 sell 信号 1 条 preview=106781951453459341172931170142261905339895131361349246923677059593112949675278
[INCR] 无新增话题
[COPYTRADE][INFO] 持仓检查失败 token=16349203805755838111822959621028543961243759278137456243377710680911188657184 info=未找到持仓记录
[COPYTRADE][INFO] 持仓检查失败 token=26721641658578910850400467922902137112767338738318620899764587083396221213881 info=未找到持仓记录
[COPYTRADE][INFO] 持仓检查失败 token=75738288053294378524343805580828602498075986599689561282865095867049710505373 info=未找到持仓记录
[COPYTRADE][INFO] 持仓检查失败 token=13319326901197492949092143702264537472965227970165713341548690454344451869798 info=未找到持仓记录
[COPYTRADE][INFO] 持仓检查失败 token=31046246770755208388236165208297035118765781566340972860745621079313610089280 info=未找到持仓记录
[WS][AGGREGATOR] 缓存更新统计: 841 次/分钟, tokens=40, last_seq=145
[COPYTRADE][INFO] 持仓检查失败 token=22996789551661662474390044618962499604207840709146832918729982067549000807440 info=未找到持仓记录
[COPYTRADE][INFO] 持仓检查失败 token=10534554111151575830463078988883726237521425082130865081997057866229604026611 info=未找到持仓记录
[COPYTRADE][INFO] 持仓检查失败 token=64517484620632901391269811472355410565257253256095925832935594198632128300562 info=未找到持仓记录
[COPYTRADE][INFO] 持仓检查失败 token=19645817701828818397220543595349119917949856386334259090194137550950595674044 info=未找到持仓记录
[COPYTRADE][INFO] 持仓检查失败 token=6908205299558626848567089005444007684756403099098938323158523299987838713291 info=未找到持仓记录
[COPYTRADE][INFO] 持仓检查失败 token=39890597962674457250845749449459665270751867381015505470046259265145192761452 info=未找到持仓记录
[COPYTRADE][INFO] 持仓检查失败 token=35865148872822708141541201752504179604480335598012998217672823533422439040565 info=未找到持仓记录
[COPYTRADE][INFO] 持仓检查失败 token=68098413425387156901661264006859336697716082442756398853777088643624304659406 info=未找到持仓记录
[COPYTRADE][INFO] 持仓检查失败 token=75629438156883586585047865427819133453415666680249325674468616840331972743827 info=未找到持仓记录
[COPYTRADE][INFO] 持仓检查失败 token=53972399583250140351741302635253003739860560318254034032412166392359482834932 info=未找到持仓记录
[COPYTRADE][INFO] 持仓检查失败 token=106181075047366745139197108801635573283215248045056329679360376976893016488727 info=未找到持仓记录
[COPYTRADE][INFO] 持仓检查失败 token=68523034198367222802500826038762601843180299575046979633972175746563480743901 info=未找到持仓记录
[COPYTRADE][INFO] 持仓检查失败 token=86932416593965362960958618540292381929232036834504032325292513585908842823776 info=未找到持仓记录
[COPYTRADE][INFO] 持仓检查失败 token=57704926453315228454859696633043267377693690288762684555271658075169475584162 info=未找到持仓记录
[WS][AGGREGATOR] ✗ 移除订阅 1 个token:
    10678195...49675278
[COPYTRADE][INFO] 持仓检查失败 token=5754710123930220413486827317263745112852709449246062992387303025259558580795 info=未找到持仓记录
[COPYTRADE][INFO] 持仓检查失败 token=63143918686236233928672983984129058891473353803994659201131614781821505294362 info=未找到持仓记录
[COPYTRADE][INFO] 持仓检查失败 token=58694455781823268657989263978032362696347680243637619993302682700580109967562 info=未找到持仓记录
[COPYTRADE][INFO] 持仓检查失败 token=107947689596119780753863883349502719627609745907509702996272499250135140801775 info=未找到持仓记录
[COPYTRADE][INFO] 持仓检查失败 token=31855172254398395022586050472162698729124802414870579979071243373446988334227 info=未找到持仓记录
[COPYTRADE][INFO] 持仓检查失败 token=37975265083682450969967223199653164268542375291978582835346444673615244164455 info=未找到持仓记录
[COPYTRADE][INFO] 持仓检查失败 token=23815347802272610648758936503799062845475788582404508702249361705073087604390 info=未找到持仓记录
[COPYTRADE][INFO] 持仓检查失败 token=9357284272507998694735687978539458448259652625313419995401869358974326957512 info=未找到持仓记录
[COPYTRADE][INFO] 持仓检查失败 token=33602159479089523059732542049867341587965140549891383557317559348569646845050 info=未找到持仓记录
[COPYTRADE][INFO] 持仓检查失败 token=10294751913664150954490376491698671979327007140911807306258100671330452028850 info=未找到持仓记录
