[2026-01-06 16:50:58,010][INFO] [init] copytrade_maker 启动成功
[2026-01-06 16:50:58,013][INFO] [bootstrap] 未检测到历史仓位
[2026-01-06 16:53:32,135][INFO] [signal] BUY source=0x39d0f1dca6fb7e5514858c1a337724a426764fe8 topics=63369941481876265079669200084080935839244983653494876131040874623657755022508
[2026-01-06 16:53:32,648][DEBUG] [positions] fetched account=0x39d0f1dca6fb7e5514858c1a337724a426764fe8 count=80 by_key=80 by_id=80
[2026-01-06 16:53:32,649][DEBUG] [signal] BUY evaluate token_id=63369941481876265079669200084080935839244983653494876131040874623657755022508 token_key=0x82612bedb300adea234498cdb4754c3bd66d8f128ee51c760d4b3d7417ac11a5:1 size_val=1372.8393566999998 threshold=10.000000
[2026-01-06 16:53:32,650][DEBUG] [signal] BUY start topics count=1 tokens=63369941481876265079669200084080935839244983653494876131040874623657755022508
[2026-01-06 16:53:32,652][INFO] [maker] 启动 maker 波段线程 token_id=63369941481876265079669200084080935839244983653494876131040874623657755022508
[2026-01-06 16:53:33,198][DEBUG] [maker] token_id=63369941481876265079669200084080935839244983653494876131040874623657755022508 盘口缺失 bid=None ask=None
[2026-01-06 16:54:03,743][DEBUG] [maker] token_id=63369941481876265079669200084080935839244983653494876131040874623657755022508 no_action bid=0.42 ask=0.44
[2026-01-06 16:54:03,812][INFO] [signal] BUY source=0x39d0f1dca6fb7e5514858c1a337724a426764fe8 topics=63369941481876265079669200084080935839244983653494876131040874623657755022508
[2026-01-06 16:54:04,311][DEBUG] [positions] fetched account=0x39d0f1dca6fb7e5514858c1a337724a426764fe8 count=80 by_key=80 by_id=80
[2026-01-06 16:54:04,313][DEBUG] [signal] BUY evaluate token_id=63369941481876265079669200084080935839244983653494876131040874623657755022508 token_key=0x82612bedb300adea234498cdb4754c3bd66d8f128ee51c760d4b3d7417ac11a5:1 size_val=1372.8393566999998 threshold=10.000000
[2026-01-06 16:54:04,313][DEBUG] [signal] BUY start topics count=1 tokens=63369941481876265079669200084080935839244983653494876131040874623657755022508
[2026-01-06 16:54:34,274][DEBUG] [maker] token_id=63369941481876265079669200084080935839244983653494876131040874623657755022508 no_action bid=0.42 ask=0.44
[2026-01-06 16:54:35,406][INFO] [signal] BUY source=0x39d0f1dca6fb7e5514858c1a337724a426764fe8 topics=63369941481876265079669200084080935839244983653494876131040874623657755022508
[2026-01-06 16:54:35,887][DEBUG] [positions] fetched account=0x39d0f1dca6fb7e5514858c1a337724a426764fe8 count=80 by_key=80 by_id=80
[2026-01-06 16:54:35,889][DEBUG] [signal] BUY evaluate token_id=63369941481876265079669200084080935839244983653494876131040874623657755022508 token_key=0x82612bedb300adea234498cdb4754c3bd66d8f128ee51c760d4b3d7417ac11a5:1 size_val=1372.8393566999998 threshold=10.000000
[2026-01-06 16:54:35,889][DEBUG] [signal] BUY start topics count=1 tokens=63369941481876265079669200084080935839244983653494876131040874623657755022508
[2026-01-06 16:55:04,832][DEBUG] [maker] token_id=63369941481876265079669200084080935839244983653494876131040874623657755022508 no_action bid=0.42 ask=0.44
[2026-01-06 16:55:07,040][INFO] [signal] BUY source=0x39d0f1dca6fb7e5514858c1a337724a426764fe8 topics=63369941481876265079669200084080935839244983653494876131040874623657755022508,23311563303783760858176166115231875564829760730498992986905724285046115223219
[2026-01-06 16:55:07,544][DEBUG] [positions] fetched account=0x39d0f1dca6fb7e5514858c1a337724a426764fe8 count=80 by_key=80 by_id=80
[2026-01-06 16:55:07,545][DEBUG] [signal] BUY evaluate token_id=63369941481876265079669200084080935839244983653494876131040874623657755022508 token_key=0x82612bedb300adea234498cdb4754c3bd66d8f128ee51c760d4b3d7417ac11a5:1 size_val=1377.56351154 threshold=10.000000
[2026-01-06 16:55:07,547][DEBUG] [signal] BUY evaluate token_id=23311563303783760858176166115231875564829760730498992986905724285046115223219 token_key=0x2e94bb8dd09931d12e6e656fe4fe6ceb3922bc3d6eab864bb6cd24773cf67269:1 size_val=5062.21201972 threshold=10.000000
[2026-01-06 16:55:07,547][DEBUG] [signal] BUY start topics count=2 tokens=63369941481876265079669200084080935839244983653494876131040874623657755022508,23311563303783760858176166115231875564829760730498992986905724285046115223219
[2026-01-06 16:55:07,548][INFO] [maker] 启动 maker 波段线程 token_id=23311563303783760858176166115231875564829760730498992986905724285046115223219
[2026-01-06 16:55:08,100][DEBUG] [maker] token_id=23311563303783760858176166115231875564829760730498992986905724285046115223219 盘口缺失 bid=None ask=None
[2026-01-06 16:55:35,414][DEBUG] [maker] token_id=63369941481876265079669200084080935839244983653494876131040874623657755022508 盘口缺失 bid=None ask=None
[2026-01-06 16:55:38,612][DEBUG] [maker] token_id=23311563303783760858176166115231875564829760730498992986905724285046115223219 no_action bid=0.65 ask=0.67
[2026-01-06 16:55:38,693][INFO] [signal] BUY source=0x39d0f1dca6fb7e5514858c1a337724a426764fe8 topics=63369941481876265079669200084080935839244983653494876131040874623657755022508
[2026-01-06 16:55:39,194][DEBUG] [positions] fetched account=0x39d0f1dca6fb7e5514858c1a337724a426764fe8 count=80 by_key=80 by_id=80
[2026-01-06 16:55:39,195][DEBUG] [signal] BUY evaluate token_id=63369941481876265079669200084080935839244983653494876131040874623657755022508 token_key=0x82612bedb300adea234498cdb4754c3bd66d8f128ee51c760d4b3d7417ac11a5:1 size_val=1377.56351154 threshold=10.000000
[2026-01-06 16:55:39,196][DEBUG] [signal] BUY start topics count=1 tokens=63369941481876265079669200084080935839244983653494876131040874623657755022508
[2026-01-06 16:56:05,935][DEBUG] [maker] token_id=63369941481876265079669200084080935839244983653494876131040874623657755022508 no_action bid=0.42 ask=0.44
[2026-01-06 16:56:09,112][DEBUG] [maker] token_id=23311563303783760858176166115231875564829760730498992986905724285046115223219 no_action bid=0.67 ask=0.68
[2026-01-06 16:56:10,310][INFO] [signal] BUY source=0x39d0f1dca6fb7e5514858c1a337724a426764fe8 topics=63369941481876265079669200084080935839244983653494876131040874623657755022508
[2026-01-06 16:56:10,804][DEBUG] [positions] fetched account=0x39d0f1dca6fb7e5514858c1a337724a426764fe8 count=80 by_key=80 by_id=80
[2026-01-06 16:56:10,805][DEBUG] [signal] BUY evaluate token_id=63369941481876265079669200084080935839244983653494876131040874623657755022508 token_key=0x82612bedb300adea234498cdb4754c3bd66d8f128ee51c760d4b3d7417ac11a5:1 size_val=1377.56351154 threshold=10.000000
[2026-01-06 16:56:10,806][DEBUG] [signal] BUY start topics count=1 tokens=63369941481876265079669200084080935839244983653494876131040874623657755022508
[2026-01-06 16:56:36,442][DEBUG] [maker] token_id=63369941481876265079669200084080935839244983653494876131040874623657755022508 no_action bid=0.42 ask=0.44
[2026-01-06 16:56:39,626][DEBUG] [maker] token_id=23311563303783760858176166115231875564829760730498992986905724285046115223219 no_action bid=0.67 ask=0.68
[2026-01-06 16:56:41,987][INFO] [signal] BUY source=0x39d0f1dca6fb7e5514858c1a337724a426764fe8 topics=63369941481876265079669200084080935839244983653494876131040874623657755022508
[2026-01-06 16:56:42,480][DEBUG] [positions] fetched account=0x39d0f1dca6fb7e5514858c1a337724a426764fe8 count=80 by_key=80 by_id=80
[2026-01-06 16:56:42,481][DEBUG] [signal] BUY evaluate token_id=63369941481876265079669200084080935839244983653494876131040874623657755022508 token_key=0x82612bedb300adea234498cdb4754c3bd66d8f128ee51c760d4b3d7417ac11a5:1 size_val=1377.56351154 threshold=10.000000
[2026-01-06 16:56:42,482][DEBUG] [signal] BUY start topics count=1 tokens=63369941481876265079669200084080935839244983653494876131040874623657755022508
[2026-01-06 16:57:06,712][DEBUG] [maker] token_id=63369941481876265079669200084080935839244983653494876131040874623657755022508 no_action bid=0.42 ask=0.44
[2026-01-06 16:57:10,169][DEBUG] [maker] token_id=23311563303783760858176166115231875564829760730498992986905724285046115223219 no_action bid=0.67 ask=0.68
[2026-01-06 16:57:13,589][INFO] [signal] BUY source=0x39d0f1dca6fb7e5514858c1a337724a426764fe8 topics=63369941481876265079669200084080935839244983653494876131040874623657755022508
[2026-01-06 16:57:14,081][DEBUG] [positions] fetched account=0x39d0f1dca6fb7e5514858c1a337724a426764fe8 count=80 by_key=80 by_id=80
[2026-01-06 16:57:14,082][DEBUG] [signal] BUY evaluate token_id=63369941481876265079669200084080935839244983653494876131040874623657755022508 token_key=0x82612bedb300adea234498cdb4754c3bd66d8f128ee51c760d4b3d7417ac11a5:1 size_val=1377.56351154 threshold=10.000000
[2026-01-06 16:57:14,083][DEBUG] [signal] BUY start topics count=1 tokens=63369941481876265079669200084080935839244983653494876131040874623657755022508
[2026-01-06 16:57:37,260][DEBUG] [maker] token_id=63369941481876265079669200084080935839244983653494876131040874623657755022508 no_action bid=0.42 ask=0.44
[2026-01-06 16:57:40,691][DEBUG] [maker] token_id=23311563303783760858176166115231875564829760730498992986905724285046115223219 no_action bid=0.67 ask=0.68
[2026-01-06 16:57:45,225][INFO] [signal] BUY source=0x39d0f1dca6fb7e5514858c1a337724a426764fe8 topics=63369941481876265079669200084080935839244983653494876131040874623657755022508
[2026-01-06 16:57:45,703][DEBUG] [positions] fetched account=0x39d0f1dca6fb7e5514858c1a337724a426764fe8 count=80 by_key=80 by_id=80
[2026-01-06 16:57:45,704][DEBUG] [signal] BUY evaluate token_id=63369941481876265079669200084080935839244983653494876131040874623657755022508 token_key=0x82612bedb300adea234498cdb4754c3bd66d8f128ee51c760d4b3d7417ac11a5:1 size_val=1377.56351154 threshold=10.000000
[2026-01-06 16:57:45,705][DEBUG] [signal] BUY start topics count=1 tokens=63369941481876265079669200084080935839244983653494876131040874623657755022508
[2026-01-06 16:58:07,788][DEBUG] [maker] token_id=63369941481876265079669200084080935839244983653494876131040874623657755022508 no_action bid=0.42 ask=0.44
[2026-01-06 16:58:11,226][DEBUG] [maker] token_id=23311563303783760858176166115231875564829760730498992986905724285046115223219 no_action bid=0.67 ask=0.68
[2026-01-06 16:58:16,672][INFO] [signal] BUY source=0x39d0f1dca6fb7e5514858c1a337724a426764fe8 topics=63369941481876265079669200084080935839244983653494876131040874623657755022508
[2026-01-06 16:58:17,160][DEBUG] [positions] fetched account=0x39d0f1dca6fb7e5514858c1a337724a426764fe8 count=80 by_key=80 by_id=80
[2026-01-06 16:58:17,161][DEBUG] [signal] BUY evaluate token_id=63369941481876265079669200084080935839244983653494876131040874623657755022508 token_key=0x82612bedb300adea234498cdb4754c3bd66d8f128ee51c760d4b3d7417ac11a5:1 size_val=1377.56351154 threshold=10.000000
[2026-01-06 16:58:17,161][DEBUG] [signal] BUY start topics count=1 tokens=63369941481876265079669200084080935839244983653494876131040874623657755022508
[2026-01-06 16:58:38,375][DEBUG] [maker] token_id=63369941481876265079669200084080935839244983653494876131040874623657755022508 盘口缺失 bid=None ask=None
[2026-01-06 16:58:41,745][DEBUG] [maker] token_id=23311563303783760858176166115231875564829760730498992986905724285046115223219 no_action bid=0.67 ask=0.68
[2026-01-06 16:58:48,256][INFO] [signal] BUY source=0x39d0f1dca6fb7e5514858c1a337724a426764fe8 topics=63369941481876265079669200084080935839244983653494876131040874623657755022508
[2026-01-06 16:58:48,748][DEBUG] [positions] fetched account=0x39d0f1dca6fb7e5514858c1a337724a426764fe8 count=80 by_key=80 by_id=80
[2026-01-06 16:58:48,750][DEBUG] [signal] BUY evaluate token_id=63369941481876265079669200084080935839244983653494876131040874623657755022508 token_key=0x82612bedb300adea234498cdb4754c3bd66d8f128ee51c760d4b3d7417ac11a5:1 size_val=1377.56351154 threshold=10.000000
[2026-01-06 16:58:48,751][DEBUG] [signal] BUY start topics count=1 tokens=63369941481876265079669200084080935839244983653494876131040874623657755022508
[2026-01-06 16:59:08,927][DEBUG] [maker] token_id=63369941481876265079669200084080935839244983653494876131040874623657755022508 盘口缺失 bid=None ask=None
[2026-01-06 16:59:12,262][DEBUG] [maker] token_id=23311563303783760858176166115231875564829760730498992986905724285046115223219 no_action bid=0.67 ask=0.68
[2026-01-06 16:59:19,877][INFO] [signal] BUY source=0x39d0f1dca6fb7e5514858c1a337724a426764fe8 topics=63369941481876265079669200084080935839244983653494876131040874623657755022508
[2026-01-06 16:59:20,391][DEBUG] [positions] fetched account=0x39d0f1dca6fb7e5514858c1a337724a426764fe8 count=80 by_key=80 by_id=80
[2026-01-06 16:59:20,391][DEBUG] [signal] BUY evaluate token_id=63369941481876265079669200084080935839244983653494876131040874623657755022508 token_key=0x82612bedb300adea234498cdb4754c3bd66d8f128ee51c760d4b3d7417ac11a5:1 size_val=1377.56351154 threshold=10.000000
[2026-01-06 16:59:20,393][DEBUG] [signal] BUY start topics count=1 tokens=63369941481876265079669200084080935839244983653494876131040874623657755022508
[2026-01-06 16:59:39,462][DEBUG] [maker] token_id=63369941481876265079669200084080935839244983653494876131040874623657755022508 盘口缺失 bid=None ask=None
[2026-01-06 16:59:42,781][DEBUG] [maker] token_id=23311563303783760858176166115231875564829760730498992986905724285046115223219 no_action bid=0.67 ask=0.68
[2026-01-06 16:59:51,545][INFO] [signal] BUY source=0x39d0f1dca6fb7e5514858c1a337724a426764fe8 topics=63369941481876265079669200084080935839244983653494876131040874623657755022508
[2026-01-06 16:59:52,039][DEBUG] [positions] fetched account=0x39d0f1dca6fb7e5514858c1a337724a426764fe8 count=80 by_key=80 by_id=80
[2026-01-06 16:59:52,040][DEBUG] [signal] BUY evaluate token_id=63369941481876265079669200084080935839244983653494876131040874623657755022508 token_key=0x82612bedb300adea234498cdb4754c3bd66d8f128ee51c760d4b3d7417ac11a5:1 size_val=1377.56351154 threshold=10.000000
[2026-01-06 16:59:52,041][DEBUG] [signal] BUY start topics count=1 tokens=63369941481876265079669200084080935839244983653494876131040874623657755022508
[2026-01-06 17:00:09,994][DEBUG] [maker] token_id=63369941481876265079669200084080935839244983653494876131040874623657755022508 no_action bid=0.42 ask=0.44
[2026-01-06 17:00:13,283][DEBUG] [maker] token_id=23311563303783760858176166115231875564829760730498992986905724285046115223219 no_action bid=0.67 ask=0.68
[2026-01-06 17:00:23,195][INFO] [signal] BUY source=0x39d0f1dca6fb7e5514858c1a337724a426764fe8 topics=63369941481876265079669200084080935839244983653494876131040874623657755022508
[2026-01-06 17:00:23,688][DEBUG] [positions] fetched account=0x39d0f1dca6fb7e5514858c1a337724a426764fe8 count=80 by_key=80 by_id=80
[2026-01-06 17:00:23,690][DEBUG] [signal] BUY evaluate token_id=63369941481876265079669200084080935839244983653494876131040874623657755022508 token_key=0x82612bedb300adea234498cdb4754c3bd66d8f128ee51c760d4b3d7417ac11a5:1 size_val=1377.56351154 threshold=10.000000
[2026-01-06 17:00:23,690][DEBUG] [signal] BUY start topics count=1 tokens=63369941481876265079669200084080935839244983653494876131040874623657755022508
[2026-01-06 17:00:40,528][DEBUG] [maker] token_id=63369941481876265079669200084080935839244983653494876131040874623657755022508 no_action bid=0.42 ask=0.44
[2026-01-06 17:00:43,565][DEBUG] [maker] token_id=23311563303783760858176166115231875564829760730498992986905724285046115223219 no_action bid=0.67 ask=0.68
[2026-01-06 17:00:54,834][INFO] [signal] BUY source=0x39d0f1dca6fb7e5514858c1a337724a426764fe8 topics=63369941481876265079669200084080935839244983653494876131040874623657755022508
