[CONFIG] 使用配置文件: /root/data/run_params_36409540910632598457719843360426946240955771499561460645879282763837959183238.json
[INIT] API 凭证已验证。
[INIT] ClobClient 就绪。
[INFO] 未提供 market_url，尝试通过 token_id 获取市场元数据。
[INFO] 市场/子问题标题: Will NVIDIA be the largest company in the world by market cap on January 31?
[INFO] 使用 token_id: 36409540910632598457719843360426946240955771499561460645879282763837959183238
[INFO] 市场标注时区: America/New_York
[INFO] 市场计划截止时间 (UTC): 2026-01-31T00:00:00+00:00
[WARN] 自动获取的截止日期缺少具体时刻，已按默认配置设置截止时间为 2026-01-31T23:59:00-05:00 (America/New_York)。
[INFO] 监控目标结束时间 (UTC): 2026-02-01T04:59:00+00:00
[INFO] 未能识别市场价格精度，默认按盈利百分比下限 0.300% 执行。
[INIT] 目标 token_id: 36409540910632598457719843360426946240955771499561460645879282763837959183238
[INIT] 已读取手动份数 10.0，模式：总持仓目标。
[INIT] 卖出挂单模式：aggressive
[INIT] 卖出后递增买入阈值已启用，步长 0.0200%。
[INIT] 价格停滞监控窗口 120.0 分钟，阈值 0.0000%。
[INIT] 启动后无行情自动退出阈值 10.0 分钟。
[INIT] 卖出挂单空窗释放阈值 6.0 小时。
[INFO] 倒计时卖出模式将在市场结束前 300 分钟开启。
[RUN] 监听行情中… 输入 stop / exit 可手动停止。
[WAIT] 尚未收到行情，继续等待… | ws=init age=5s
[WAIT] 尚未收到行情，继续等待… | ws=init age=10s
[WAIT] 尚未收到行情，继续等待… | ws=init age=15s
[PX] bid=0.0360 ask=0.0380 last=0.0210 | state=FLAT awaiting=None entry=None
    时间窗口: 15.0m | 采样点数: 1
    窗口跌幅: 当前 0.00% / 最大 0.00% / 阈值 0.10%
    窗口价格: 高 0.0370 / 低 0.0370
[PX] bid=0.0360 ask=0.0380 last=0.3990 | state=FLAT awaiting=None entry=None
    时间窗口: 15.0m | 采样点数: 3
    窗口跌幅: 当前 0.00% / 最大 0.00% / 阈值 0.10%
    窗口价格: 高 0.0370 / 低 0.0370
[PX] bid=0.0360 ask=0.0380 last=0.0620 | state=FLAT awaiting=None entry=None
    时间窗口: 15.0m | 采样点数: 10
    窗口跌幅: 当前 0.00% / 最大 0.00% / 阈值 0.10%
    窗口价格: 高 0.0370 / 低 0.0370
[PX] bid=0.0360 ask=0.0380 last=0.0620 | state=FLAT awaiting=None entry=None
    时间窗口: 15.0m | 采样点数: 10
    窗口跌幅: 当前 0.00% / 最大 0.00% / 阈值 0.10%
    窗口价格: 高 0.0370 / 低 0.0370
[PX] bid=0.0360 ask=0.0380 last=0.0300 | state=FLAT awaiting=None entry=None
    时间窗口: 15.0m | 采样点数: 14
    窗口跌幅: 当前 0.00% / 最大 0.00% / 阈值 0.10%
    窗口价格: 高 0.0370 / 低 0.0370
[PX] bid=0.0360 ask=0.0380 last=0.0270 | state=FLAT awaiting=None entry=None
    时间窗口: 15.0m | 采样点数: 15
    窗口跌幅: 当前 0.00% / 最大 0.00% / 阈值 0.10%
    窗口价格: 高 0.0370 / 低 0.0370
[PX] bid=0.0360 ask=0.0380 last=0.0330 | state=FLAT awaiting=None entry=None
    时间窗口: 15.0m | 采样点数: 16
    窗口跌幅: 当前 0.00% / 最大 0.00% / 阈值 0.10%
    窗口价格: 高 0.0370 / 低 0.0370
[PX] bid=0.0360 ask=0.0380 last=0.0270 | state=FLAT awaiting=None entry=None
    时间窗口: 15.0m | 采样点数: 20
    窗口跌幅: 当前 0.00% / 最大 0.00% / 阈值 0.10%
    窗口价格: 高 0.0370 / 低 0.0370
[PX] bid=0.0360 ask=0.0380 last=0.3920 | state=FLAT awaiting=None entry=None
    时间窗口: 15.0m | 采样点数: 25
    窗口跌幅: 当前 0.00% / 最大 0.00% / 阈值 0.10%
    窗口价格: 高 0.0370 / 低 0.0370
[PX] bid=0.0360 ask=0.0380 last=0.0300 | state=FLAT awaiting=None entry=None
    时间窗口: 15.0m | 采样点数: 27
    窗口跌幅: 当前 0.00% / 最大 0.00% / 阈值 0.10%
    窗口价格: 高 0.0370 / 低 0.0370
[PX] bid=0.0360 ask=0.0380 last=0.0300 | state=FLAT awaiting=None entry=None
    时间窗口: 15.0m | 采样点数: 27
    窗口跌幅: 当前 0.00% / 最大 0.00% / 阈值 0.10%
    窗口价格: 高 0.0370 / 低 0.0370
[PX] bid=0.0360 ask=0.0380 last=0.0300 | state=FLAT awaiting=None entry=None
    时间窗口: 15.0m | 采样点数: 27
    窗口跌幅: 当前 0.00% / 最大 0.00% / 阈值 0.10%
    窗口价格: 高 0.0370 / 低 0.0370
[PX] bid=0.0360 ask=0.0380 last=0.0400 | state=FLAT awaiting=None entry=None
    时间窗口: 15.0m | 采样点数: 28
    窗口跌幅: 当前 0.00% / 最大 0.00% / 阈值 0.10%
    窗口价格: 高 0.0370 / 低 0.0370
[PX] bid=0.0360 ask=0.0380 last=0.0320 | state=FLAT awaiting=None entry=None
    时间窗口: 15.0m | 采样点数: 33
    窗口跌幅: 当前 0.00% / 最大 0.00% / 阈值 0.10%
    窗口价格: 高 0.0370 / 低 0.0370
[PX] bid=0.0360 ask=0.0380 last=0.0290 | state=FLAT awaiting=None entry=None
    时间窗口: 15.0m | 采样点数: 36
    窗口跌幅: 当前 0.00% / 最大 0.00% / 阈值 0.10%
    窗口价格: 高 0.0370 / 低 0.0370
[PX] bid=0.0360 ask=0.0380 last=0.0290 | state=FLAT awaiting=None entry=None
    时间窗口: 15.0m | 采样点数: 36
    窗口跌幅: 当前 0.00% / 最大 0.00% / 阈值 0.10%
    窗口价格: 高 0.0370 / 低 0.0370
[PX] bid=0.0360 ask=0.0380 last=0.0320 | state=FLAT awaiting=None entry=None
    时间窗口: 15.0m | 采样点数: 38
    窗口跌幅: 当前 0.00% / 最大 0.00% / 阈值 0.10%
    窗口价格: 高 0.0370 / 低 0.0370
[PX] bid=0.0360 ask=0.0380 last=0.0300 | state=FLAT awaiting=None entry=None
    时间窗口: 15.0m | 采样点数: 39
    窗口跌幅: 当前 0.00% / 最大 0.00% / 阈值 0.10%
    窗口价格: 高 0.0370 / 低 0.0370
[PX] bid=0.0360 ask=0.0380 last=0.0280 | state=FLAT awaiting=None entry=None
    时间窗口: 15.0m | 采样点数: 43
    窗口跌幅: 当前 0.00% / 最大 0.00% / 阈值 0.10%
    窗口价格: 高 0.0370 / 低 0.0370
[PX] bid=0.0360 ask=0.0380 last=0.0290 | state=FLAT awaiting=None entry=None
    时间窗口: 15.0m | 采样点数: 44
    窗口跌幅: 当前 0.00% / 最大 0.00% / 阈值 0.10%
    窗口价格: 高 0.0370 / 低 0.0370
[PX] bid=0.0360 ask=0.0380 last=0.0340 | state=FLAT awaiting=None entry=None
    时间窗口: 15.0m | 采样点数: 43
    窗口跌幅: 当前 0.00% / 最大 0.00% / 阈值 0.10%
    窗口价格: 高 0.0370 / 低 0.0370
[PX] bid=0.0360 ask=0.0380 last=0.0340 | state=FLAT awaiting=None entry=None
    时间窗口: 15.0m | 采样点数: 45
    窗口跌幅: 当前 0.00% / 最大 0.00% / 阈值 0.10%
    窗口价格: 高 0.0370 / 低 0.0370
[PX] bid=0.0360 ask=0.0380 last=0.0340 | state=FLAT awaiting=None entry=None
    时间窗口: 15.0m | 采样点数: 44
    窗口跌幅: 当前 0.00% / 最大 0.00% / 阈值 0.10%
    窗口价格: 高 0.0370 / 低 0.0370
[PX] bid=0.0360 ask=0.0380 last=0.0300 | state=FLAT awaiting=None entry=None
    时间窗口: 15.0m | 采样点数: 43
    窗口跌幅: 当前 0.00% / 最大 0.00% / 阈值 0.10%
    窗口价格: 高 0.0370 / 低 0.0370
[PX] bid=0.0360 ask=0.0380 last=0.0300 | state=FLAT awaiting=None entry=None
    时间窗口: 15.0m | 采样点数: 44
    窗口跌幅: 当前 0.00% / 最大 0.00% / 阈值 0.10%
    窗口价格: 高 0.0370 / 低 0.0370
[PX] bid=0.0360 ask=0.0380 last=0.9800 | state=FLAT awaiting=None entry=None
    时间窗口: 15.0m | 采样点数: 47
    窗口跌幅: 当前 0.00% / 最大 0.00% / 阈值 0.10%
    窗口价格: 高 0.0370 / 低 0.0370
[PX] bid=0.0360 ask=0.0380 last=0.9800 | state=FLAT awaiting=None entry=None
    时间窗口: 15.0m | 采样点数: 47
    窗口跌幅: 当前 0.00% / 最大 0.00% / 阈值 0.10%
    窗口价格: 高 0.0370 / 低 0.0370
[PX] bid=0.0360 ask=0.0380 last=0.0330 | state=FLAT awaiting=None entry=None
    时间窗口: 15.0m | 采样点数: 51
    窗口跌幅: 当前 0.00% / 最大 0.00% / 阈值 0.10%
    窗口价格: 高 0.0370 / 低 0.0370
[PX] bid=0.0360 ask=0.0380 last=0.5590 | state=FLAT awaiting=None entry=None
    时间窗口: 15.0m | 采样点数: 48
    窗口跌幅: 当前 0.00% / 最大 0.00% / 阈值 0.10%
    窗口价格: 高 0.0370 / 低 0.0370
[PX] bid=0.0360 ask=0.0380 last=0.0330 | state=FLAT awaiting=None entry=None
    时间窗口: 15.0m | 采样点数: 49
    窗口跌幅: 当前 0.00% / 最大 0.00% / 阈值 0.10%
    窗口价格: 高 0.0370 / 低 0.0370
[PX] bid=0.0360 ask=0.0380 last=0.7990 | state=FLAT awaiting=None entry=None
    时间窗口: 15.0m | 采样点数: 48
    窗口跌幅: 当前 0.00% / 最大 0.00% / 阈值 0.10%
    窗口价格: 高 0.0370 / 低 0.0370
[PX] bid=0.0360 ask=0.0380 last=0.0300 | state=FLAT awaiting=None entry=None
    时间窗口: 15.0m | 采样点数: 47
    窗口跌幅: 当前 0.00% / 最大 0.00% / 阈值 0.10%
    窗口价格: 高 0.0370 / 低 0.0370
[PX] bid=0.0360 ask=0.0380 last=0.0300 | state=FLAT awaiting=None entry=None
    时间窗口: 15.0m | 采样点数: 44
    窗口跌幅: 当前 0.00% / 最大 0.00% / 阈值 0.10%
    窗口价格: 高 0.0370 / 低 0.0370
[PX] bid=0.0360 ask=0.0380 last=0.0350 | state=FLAT awaiting=None entry=None
    时间窗口: 15.0m | 采样点数: 43
    窗口跌幅: 当前 0.00% / 最大 0.00% / 阈值 0.10%
    窗口价格: 高 0.0370 / 低 0.0370
[PX] bid=0.0360 ask=0.0380 last=0.0350 | state=FLAT awaiting=None entry=None
    时间窗口: 15.0m | 采样点数: 43
    窗口跌幅: 当前 0.00% / 最大 0.00% / 阈值 0.10%
    窗口价格: 高 0.0370 / 低 0.0370
[PX] bid=0.0360 ask=0.0380 last=0.0350 | state=FLAT awaiting=None entry=None
    时间窗口: 15.0m | 采样点数: 43
    窗口跌幅: 当前 0.00% / 最大 0.00% / 阈值 0.10%
    窗口价格: 高 0.0370 / 低 0.0370
[PX] bid=0.0360 ask=0.0380 last=0.0320 | state=FLAT awaiting=None entry=None
    时间窗口: 15.0m | 采样点数: 39
    窗口跌幅: 当前 0.00% / 最大 0.00% / 阈值 0.10%
    窗口价格: 高 0.0370 / 低 0.0370
[PX] bid=0.0360 ask=0.0380 last=0.0300 | state=FLAT awaiting=None entry=None
    时间窗口: 15.0m | 采样点数: 41
    窗口跌幅: 当前 0.00% / 最大 0.00% / 阈值 0.10%
    窗口价格: 高 0.0370 / 低 0.0370
[PX] bid=0.0360 ask=0.0380 last=0.0220 | state=FLAT awaiting=None entry=None
    时间窗口: 15.0m | 采样点数: 40
    窗口跌幅: 当前 0.00% / 最大 0.00% / 阈值 0.10%
    窗口价格: 高 0.0370 / 低 0.0370
[PX] bid=0.0360 ask=0.0380 last=0.0400 | state=FLAT awaiting=None entry=None
    时间窗口: 15.0m | 采样点数: 43
    窗口跌幅: 当前 0.00% / 最大 0.00% / 阈值 0.10%
    窗口价格: 高 0.0370 / 低 0.0370
[PX] bid=0.0360 ask=0.0380 last=0.0620 | state=FLAT awaiting=None entry=None
    时间窗口: 15.0m | 采样点数: 39
    窗口跌幅: 当前 0.00% / 最大 0.00% / 阈值 0.10%
    窗口价格: 高 0.0370 / 低 0.0370
[PX] bid=0.0360 ask=0.0380 last=0.0620 | state=FLAT awaiting=None entry=None
    时间窗口: 15.0m | 采样点数: 39
    窗口跌幅: 当前 0.00% / 最大 0.00% / 阈值 0.10%
    窗口价格: 高 0.0370 / 低 0.0370
[PX] bid=0.0360 ask=0.0380 last=0.0300 | state=FLAT awaiting=None entry=None
    时间窗口: 15.0m | 采样点数: 40
    窗口跌幅: 当前 0.00% / 最大 0.00% / 阈值 0.10%
    窗口价格: 高 0.0370 / 低 0.0370
[PX] bid=0.0360 ask=0.0380 last=0.0350 | state=FLAT awaiting=None entry=None
    时间窗口: 15.0m | 采样点数: 43
    窗口跌幅: 当前 0.00% / 最大 0.00% / 阈值 0.10%
    窗口价格: 高 0.0370 / 低 0.0370
[PX] bid=0.0360 ask=0.0380 last=0.9800 | state=FLAT awaiting=None entry=None
    时间窗口: 15.0m | 采样点数: 46
    窗口跌幅: 当前 0.00% / 最大 0.00% / 阈值 0.10%
    窗口价格: 高 0.0370 / 低 0.0370
[PX] bid=0.0360 ask=0.0380 last=0.0330 | state=FLAT awaiting=None entry=None
    时间窗口: 15.0m | 采样点数: 47
    窗口跌幅: 当前 0.00% / 最大 0.00% / 阈值 0.10%
    窗口价格: 高 0.0370 / 低 0.0370
[PX] bid=0.0360 ask=0.0380 last=0.0330 | state=FLAT awaiting=None entry=None
    时间窗口: 15.0m | 采样点数: 47
    窗口跌幅: 当前 0.00% / 最大 0.00% / 阈值 0.10%
    窗口价格: 高 0.0370 / 低 0.0370
[PX] bid=0.0360 ask=0.0380 last=0.0320 | state=FLAT awaiting=None entry=None
    时间窗口: 15.0m | 采样点数: 41
    窗口跌幅: 当前 0.00% / 最大 0.00% / 阈值 0.10%
    窗口价格: 高 0.0370 / 低 0.0370
[PX] bid=0.0360 ask=0.0380 last=0.0470 | state=FLAT awaiting=None entry=None
    时间窗口: 15.0m | 采样点数: 44
    窗口跌幅: 当前 0.00% / 最大 0.00% / 阈值 0.10%
    窗口价格: 高 0.0370 / 低 0.0370
[PX] bid=0.0360 ask=0.0380 last=0.0300 | state=FLAT awaiting=None entry=None
    时间窗口: 15.0m | 采样点数: 47
    窗口跌幅: 当前 0.00% / 最大 0.00% / 阈值 0.10%
    窗口价格: 高 0.0370 / 低 0.0370
[PX] bid=0.0370 ask=0.0380 last=0.0310 | state=FLAT awaiting=None entry=None
    时间窗口: 15.0m | 采样点数: 54
    窗口跌幅: 当前 0.00% / 最大 1.33% / 阈值 0.10%
    窗口价格: 高 0.0375 / 低 0.0370
[PX] bid=0.0370 ask=0.0380 last=0.0300 | state=FLAT awaiting=None entry=None
    时间窗口: 15.0m | 采样点数: 55
    窗口跌幅: 当前 0.00% / 最大 1.33% / 阈值 0.10%
    窗口价格: 高 0.0375 / 低 0.0370
[PX] bid=0.0370 ask=0.0380 last=0.9800 | state=FLAT awaiting=None entry=None
    时间窗口: 15.0m | 采样点数: 54
    窗口跌幅: 当前 0.00% / 最大 1.33% / 阈值 0.10%
    窗口价格: 高 0.0375 / 低 0.0370
[PX] bid=0.0370 ask=0.0380 last=0.0330 | state=FLAT awaiting=None entry=None
    时间窗口: 15.0m | 采样点数: 60
    窗口跌幅: 当前 0.00% / 最大 1.33% / 阈值 0.10%
    窗口价格: 高 0.0375 / 低 0.0370
[PX] bid=0.0370 ask=0.0380 last=0.0580 | state=FLAT awaiting=None entry=None
    时间窗口: 15.0m | 采样点数: 56
    窗口跌幅: 当前 0.00% / 最大 1.33% / 阈值 0.10%
    窗口价格: 高 0.0375 / 低 0.0370
[PX] bid=0.0370 ask=0.0380 last=0.0350 | state=FLAT awaiting=None entry=None
    时间窗口: 15.0m | 采样点数: 55
    窗口跌幅: 当前 0.00% / 最大 1.33% / 阈值 0.10%
    窗口价格: 高 0.0375 / 低 0.0370
[PX] bid=0.0370 ask=0.0380 last=0.0350 | state=FLAT awaiting=None entry=None
    时间窗口: 15.0m | 采样点数: 55
    窗口跌幅: 当前 0.00% / 最大 1.33% / 阈值 0.10%
    窗口价格: 高 0.0375 / 低 0.0370
[PX] bid=0.0370 ask=0.0380 last=0.0580 | state=FLAT awaiting=None entry=None
    时间窗口: 15.0m | 采样点数: 54
    窗口跌幅: 当前 0.00% / 最大 1.33% / 阈值 0.10%
    窗口价格: 高 0.0375 / 低 0.0370
[PX] bid=0.0370 ask=0.0380 last=0.0300 | state=FLAT awaiting=None entry=None
    时间窗口: 15.0m | 采样点数: 54
    窗口跌幅: 当前 0.00% / 最大 1.33% / 阈值 0.10%
    窗口价格: 高 0.0375 / 低 0.0370
[PX] bid=0.0370 ask=0.0380 last=0.9800 | state=FLAT awaiting=None entry=None
    时间窗口: 15.0m | 采样点数: 62
    窗口跌幅: 当前 0.00% / 最大 1.33% / 阈值 0.10%
    窗口价格: 高 0.0375 / 低 0.0370
[PX] bid=0.0370 ask=0.0380 last=0.7990 | state=FLAT awaiting=None entry=None
    时间窗口: 15.0m | 采样点数: 60
    窗口跌幅: 当前 0.00% / 最大 1.33% / 阈值 0.10%
    窗口价格: 高 0.0375 / 低 0.0370
[PX] bid=0.0370 ask=0.0380 last=0.7990 | state=FLAT awaiting=None entry=None
    时间窗口: 15.0m | 采样点数: 60
    窗口跌幅: 当前 0.00% / 最大 1.33% / 阈值 0.10%
    窗口价格: 高 0.0375 / 低 0.0370
[PX] bid=0.0370 ask=0.0380 last=0.0190 | state=FLAT awaiting=None entry=None
    时间窗口: 15.0m | 采样点数: 60
    窗口跌幅: 当前 0.00% / 最大 1.33% / 阈值 0.10%
    窗口价格: 高 0.0375 / 低 0.0370
[PX] bid=0.0370 ask=0.0380 last=0.0320 | state=FLAT awaiting=None entry=None
    时间窗口: 15.0m | 采样点数: 57
    窗口跌幅: 当前 0.00% / 最大 1.33% / 阈值 0.10%
    窗口价格: 高 0.0375 / 低 0.0370
[PX] bid=0.0370 ask=0.0380 last=0.0300 | state=FLAT awaiting=None entry=None
    时间窗口: 15.0m | 采样点数: 56
    窗口跌幅: 当前 0.00% / 最大 1.33% / 阈值 0.10%
    窗口价格: 高 0.0375 / 低 0.0370
[PX] bid=0.0370 ask=0.0380 last=0.3990 | state=FLAT awaiting=None entry=None
    时间窗口: 15.0m | 采样点数: 53
    窗口跌幅: 当前 0.00% / 最大 0.00% / 阈值 0.10%
    窗口价格: 高 0.0375 / 低 0.0375
[PX] bid=0.0370 ask=0.0380 last=0.0310 | state=FLAT awaiting=None entry=None
    时间窗口: 15.0m | 采样点数: 52
    窗口跌幅: 当前 0.00% / 最大 0.00% / 阈值 0.10%
    窗口价格: 高 0.0375 / 低 0.0375
[PX] bid=0.0370 ask=0.0380 last=0.0300 | state=FLAT awaiting=None entry=None
    时间窗口: 15.0m | 采样点数: 49
    窗口跌幅: 当前 0.00% / 最大 0.00% / 阈值 0.10%
    窗口价格: 高 0.0375 / 低 0.0375
[PX] bid=0.0370 ask=0.0380 last=0.0310 | state=FLAT awaiting=None entry=None
    时间窗口: 15.0m | 采样点数: 50
    窗口跌幅: 当前 0.00% / 最大 0.00% / 阈值 0.10%
    窗口价格: 高 0.0375 / 低 0.0375
[PX] bid=0.0370 ask=0.0380 last=0.0350 | state=FLAT awaiting=None entry=None
    时间窗口: 15.0m | 采样点数: 57
    窗口跌幅: 当前 0.00% / 最大 0.00% / 阈值 0.10%
    窗口价格: 高 0.0375 / 低 0.0375
[PX] bid=0.0370 ask=0.0380 last=0.9800 | state=FLAT awaiting=None entry=None
    时间窗口: 15.0m | 采样点数: 58
    窗口跌幅: 当前 0.00% / 最大 0.00% / 阈值 0.10%
    窗口价格: 高 0.0375 / 低 0.0375
[PX] bid=0.0370 ask=0.0380 last=0.9800 | state=FLAT awaiting=None entry=None
    时间窗口: 15.0m | 采样点数: 58
    窗口跌幅: 当前 0.00% / 最大 0.00% / 阈值 0.10%
    窗口价格: 高 0.0375 / 低 0.0375
[PX] bid=0.0370 ask=0.0380 last=0.9800 | state=FLAT awaiting=None entry=None
    时间窗口: 15.0m | 采样点数: 58
    窗口跌幅: 当前 0.00% / 最大 0.00% / 阈值 0.10%
    窗口价格: 高 0.0375 / 低 0.0375
