[CONFIG] 使用配置文件: /root/data/run_params_81597160891975336100117101087183012959341169529180921433678346516276478487145.json
[INIT] API 凭证已验证。
[INIT] ClobClient 就绪。
[INFO] 未提供 market_url，尝试通过 token_id 获取市场元数据。
[INFO] 市场/子问题标题: Will María Corina Machado enter Venezuela by March 31?
[INFO] 使用 token_id: 81597160891975336100117101087183012959341169529180921433678346516276478487145
[INFO] 市场标注时区: America/New_York
[INFO] 市场计划截止时间 (UTC): 2026-01-31T00:00:00+00:00
[WARN] 自动获取的截止日期缺少具体时刻，已按默认配置设置截止时间为 2026-01-31T23:59:00-05:00 (America/New_York)。
[INFO] 监控目标结束时间 (UTC): 2026-02-01T04:59:00+00:00
[INFO] 未能识别市场价格精度，默认按盈利百分比下限 0.300% 执行。
[INIT] 目标 token_id: 81597160891975336100117101087183012959341169529180921433678346516276478487145
[INIT] 已读取手动份数 10.0，模式：总持仓目标。
[INIT] 卖出挂单模式：aggressive
[INIT] 卖出后递增买入阈值已启用，步长 0.0200%。
[INIT] 价格停滞监控窗口 120.0 分钟，阈值 0.0000%。
[INIT] 启动后无行情自动退出阈值 10.0 分钟。
[INIT] 卖出挂单空窗释放阈值 6.0 小时。
[INFO] 倒计时卖出模式将在市场结束前 300 分钟开启。
[RUN] 监听行情中… 输入 stop / exit 可手动停止。
[WAIT] 尚未收到行情，继续等待… | ws=init age=5s
[WAIT] 尚未收到行情，继续等待… | ws=init age=10s
[PX] bid=0.5600 ask=0.5900 last=0.1800 | state=FLAT awaiting=None entry=None
    时间窗口: 15.0m | 采样点数: 1
    窗口跌幅: 当前 0.00% / 最大 0.00% / 阈值 0.10%
    窗口价格: 高 0.5750 / 低 0.5750
[PX] bid=0.5600 ask=0.5900 last=0.5100 | state=FLAT awaiting=None entry=None
    时间窗口: 15.0m | 采样点数: 5
    窗口跌幅: 当前 0.00% / 最大 0.00% / 阈值 0.10%
    窗口价格: 高 0.5750 / 低 0.5750
[PX] bid=0.5600 ask=0.5900 last=0.1900 | state=FLAT awaiting=None entry=None
    时间窗口: 15.0m | 采样点数: 12
    窗口跌幅: 当前 0.00% / 最大 0.00% / 阈值 0.10%
    窗口价格: 高 0.5750 / 低 0.5750
[PX] bid=0.5600 ask=0.5900 last=0.5900 | state=FLAT awaiting=None entry=None
    时间窗口: 15.0m | 采样点数: 15
    窗口跌幅: 当前 0.00% / 最大 0.00% / 阈值 0.10%
    窗口价格: 高 0.5750 / 低 0.5750
[PX] bid=0.5600 ask=0.5900 last=0.0200 | state=FLAT awaiting=None entry=None
    时间窗口: 15.0m | 采样点数: 19
    窗口跌幅: 当前 0.00% / 最大 0.00% / 阈值 0.10%
    窗口价格: 高 0.5750 / 低 0.5750
[PX] bid=0.5600 ask=0.5900 last=0.1800 | state=FLAT awaiting=None entry=None
    时间窗口: 15.0m | 采样点数: 23
    窗口跌幅: 当前 0.00% / 最大 0.00% / 阈值 0.10%
    窗口价格: 高 0.5750 / 低 0.5750
[PX] bid=0.5600 ask=0.5900 last=0.5300 | state=FLAT awaiting=None entry=None
    时间窗口: 15.0m | 采样点数: 25
    窗口跌幅: 当前 0.00% / 最大 0.00% / 阈值 0.10%
    窗口价格: 高 0.5750 / 低 0.5750
[PX] bid=0.5600 ask=0.5900 last=0.5100 | state=FLAT awaiting=None entry=None
    时间窗口: 15.0m | 采样点数: 35
    窗口跌幅: 当前 0.00% / 最大 0.00% / 阈值 0.10%
    窗口价格: 高 0.5750 / 低 0.5750
[PX] bid=0.5600 ask=0.5900 last=0.1900 | state=FLAT awaiting=None entry=None
    时间窗口: 15.0m | 采样点数: 36
    窗口跌幅: 当前 0.00% / 最大 0.00% / 阈值 0.10%
    窗口价格: 高 0.5750 / 低 0.5750
[PX] bid=0.5600 ask=0.5900 last=0.1900 | state=FLAT awaiting=None entry=None
    时间窗口: 15.0m | 采样点数: 38
    窗口跌幅: 当前 0.00% / 最大 0.00% / 阈值 0.10%
    窗口价格: 高 0.5750 / 低 0.5750
[PX] bid=0.5600 ask=0.5900 last=0.1800 | state=FLAT awaiting=None entry=None
    时间窗口: 15.0m | 采样点数: 40
    窗口跌幅: 当前 0.00% / 最大 0.00% / 阈值 0.10%
    窗口价格: 高 0.5750 / 低 0.5750
[PX] bid=0.5600 ask=0.5900 last=0.1700 | state=FLAT awaiting=None entry=None
    时间窗口: 15.0m | 采样点数: 43
    窗口跌幅: 当前 0.00% / 最大 0.00% / 阈值 0.10%
    窗口价格: 高 0.5750 / 低 0.5750
[PX] bid=0.5600 ask=0.5900 last=0.5100 | state=FLAT awaiting=None entry=None
    时间窗口: 15.0m | 采样点数: 47
    窗口跌幅: 当前 0.00% / 最大 0.00% / 阈值 0.10%
    窗口价格: 高 0.5750 / 低 0.5750
[PX] bid=0.5600 ask=0.5900 last=0.5100 | state=FLAT awaiting=None entry=None
    时间窗口: 15.0m | 采样点数: 55
    窗口跌幅: 当前 0.00% / 最大 0.00% / 阈值 0.10%
    窗口价格: 高 0.5750 / 低 0.5750
[PX] bid=0.5600 ask=0.5900 last=0.1900 | state=FLAT awaiting=None entry=None
    时间窗口: 15.0m | 采样点数: 63
    窗口跌幅: 当前 0.00% / 最大 0.00% / 阈值 0.10%
    窗口价格: 高 0.5750 / 低 0.5750
[PX] bid=0.5600 ask=0.5900 last=0.1900 | state=FLAT awaiting=None entry=None
    时间窗口: 15.0m | 采样点数: 65
    窗口跌幅: 当前 0.00% / 最大 0.00% / 阈值 0.10%
    窗口价格: 高 0.5750 / 低 0.5750
[PX] bid=0.5600 ask=0.5900 last=0.5100 | state=FLAT awaiting=None entry=None
    时间窗口: 15.0m | 采样点数: 69
    窗口跌幅: 当前 0.00% / 最大 0.00% / 阈值 0.10%
    窗口价格: 高 0.5750 / 低 0.5750
[PX] bid=0.5600 ask=0.5900 last=0.1800 | state=FLAT awaiting=None entry=None
    时间窗口: 15.0m | 采样点数: 73
    窗口跌幅: 当前 0.00% / 最大 0.00% / 阈值 0.10%
    窗口价格: 高 0.5750 / 低 0.5750
[PX] bid=0.5600 ask=0.5900 last=0.2000 | state=FLAT awaiting=None entry=None
    时间窗口: 15.0m | 采样点数: 72
    窗口跌幅: 当前 0.00% / 最大 0.00% / 阈值 0.10%
    窗口价格: 高 0.5750 / 低 0.5750
[PX] bid=0.5600 ask=0.5900 last=0.1900 | state=FLAT awaiting=None entry=None
    时间窗口: 15.0m | 采样点数: 72
    窗口跌幅: 当前 0.00% / 最大 0.00% / 阈值 0.10%
    窗口价格: 高 0.5750 / 低 0.5750
[PX] bid=0.5600 ask=0.5900 last=0.1800 | state=FLAT awaiting=None entry=None
    时间窗口: 15.0m | 采样点数: 70
    窗口跌幅: 当前 0.00% / 最大 0.00% / 阈值 0.10%
    窗口价格: 高 0.5750 / 低 0.5750
[PX] bid=0.5600 ask=0.5900 last=0.5100 | state=FLAT awaiting=None entry=None
    时间窗口: 15.0m | 采样点数: 73
    窗口跌幅: 当前 0.00% / 最大 0.00% / 阈值 0.10%
    窗口价格: 高 0.5750 / 低 0.5750
[PX] bid=0.5600 ask=0.5900 last=0.5100 | state=FLAT awaiting=None entry=None
    时间窗口: 15.0m | 采样点数: 70
    窗口跌幅: 当前 0.00% / 最大 0.00% / 阈值 0.10%
    窗口价格: 高 0.5750 / 低 0.5750
[PX] bid=0.5600 ask=0.5900 last=0.1900 | state=FLAT awaiting=None entry=None
    时间窗口: 15.0m | 采样点数: 72
    窗口跌幅: 当前 0.00% / 最大 0.00% / 阈值 0.10%
    窗口价格: 高 0.5750 / 低 0.5750
[PX] bid=0.5600 ask=0.5900 last=0.9800 | state=FLAT awaiting=None entry=None
    时间窗口: 15.0m | 采样点数: 74
    窗口跌幅: 当前 0.00% / 最大 0.00% / 阈值 0.10%
    窗口价格: 高 0.5750 / 低 0.5750
[PX] bid=0.5600 ask=0.5900 last=0.1900 | state=FLAT awaiting=None entry=None
    时间窗口: 15.0m | 采样点数: 74
    窗口跌幅: 当前 0.00% / 最大 0.00% / 阈值 0.10%
    窗口价格: 高 0.5750 / 低 0.5750
[PX] bid=0.5600 ask=0.5900 last=0.9000 | state=FLAT awaiting=None entry=None
    时间窗口: 15.0m | 采样点数: 74
    窗口跌幅: 当前 0.00% / 最大 0.00% / 阈值 0.10%
    窗口价格: 高 0.5750 / 低 0.5750
[PX] bid=0.5600 ask=0.5900 last=0.2000 | state=FLAT awaiting=None entry=None
    时间窗口: 15.0m | 采样点数: 74
    窗口跌幅: 当前 0.00% / 最大 0.00% / 阈值 0.10%
    窗口价格: 高 0.5750 / 低 0.5750
[PX] bid=0.5600 ask=0.5900 last=0.2000 | state=FLAT awaiting=None entry=None
    时间窗口: 15.0m | 采样点数: 72
    窗口跌幅: 当前 0.00% / 最大 0.00% / 阈值 0.10%
    窗口价格: 高 0.5750 / 低 0.5750
[PX] bid=0.5600 ask=0.5900 last=0.2000 | state=FLAT awaiting=None entry=None
    时间窗口: 15.0m | 采样点数: 69
    窗口跌幅: 当前 0.00% / 最大 0.00% / 阈值 0.10%
    窗口价格: 高 0.5750 / 低 0.5750
[PX] bid=0.5600 ask=0.5900 last=0.1900 | state=FLAT awaiting=None entry=None
    时间窗口: 15.0m | 采样点数: 70
    窗口跌幅: 当前 0.00% / 最大 0.00% / 阈值 0.10%
    窗口价格: 高 0.5750 / 低 0.5750
[PX] bid=0.5600 ask=0.5900 last=0.9800 | state=FLAT awaiting=None entry=None
    时间窗口: 15.0m | 采样点数: 66
    窗口跌幅: 当前 0.00% / 最大 0.00% / 阈值 0.10%
    窗口价格: 高 0.5750 / 低 0.5750
[PX] bid=0.5600 ask=0.5900 last=0.5100 | state=FLAT awaiting=None entry=None
    时间窗口: 15.0m | 采样点数: 65
    窗口跌幅: 当前 0.00% / 最大 0.00% / 阈值 0.10%
    窗口价格: 高 0.5750 / 低 0.5750
[PX] bid=0.5600 ask=0.5900 last=0.1800 | state=FLAT awaiting=None entry=None
    时间窗口: 15.0m | 采样点数: 63
    窗口跌幅: 当前 0.00% / 最大 0.00% / 阈值 0.10%
    窗口价格: 高 0.5750 / 低 0.5750
[PX] bid=0.5600 ask=0.5900 last=0.1900 | state=FLAT awaiting=None entry=None
    时间窗口: 15.0m | 采样点数: 66
    窗口跌幅: 当前 0.00% / 最大 0.00% / 阈值 0.10%
    窗口价格: 高 0.5750 / 低 0.5750
[PX] bid=0.5600 ask=0.5900 last=0.1800 | state=FLAT awaiting=None entry=None
    时间窗口: 15.0m | 采样点数: 66
    窗口跌幅: 当前 0.00% / 最大 0.00% / 阈值 0.10%
    窗口价格: 高 0.5750 / 低 0.5750
[PX] bid=0.5600 ask=0.5900 last=0.5100 | state=FLAT awaiting=None entry=None
    时间窗口: 15.0m | 采样点数: 63
    窗口跌幅: 当前 0.00% / 最大 0.00% / 阈值 0.10%
    窗口价格: 高 0.5750 / 低 0.5750
[PX] bid=0.5600 ask=0.5900 last=0.5100 | state=FLAT awaiting=None entry=None
    时间窗口: 15.0m | 采样点数: 63
    窗口跌幅: 当前 0.00% / 最大 0.00% / 阈值 0.10%
    窗口价格: 高 0.5750 / 低 0.5750
[PX] bid=0.5600 ask=0.5900 last=0.0200 | state=FLAT awaiting=None entry=None
    时间窗口: 15.0m | 采样点数: 56
    窗口跌幅: 当前 0.00% / 最大 0.00% / 阈值 0.10%
    窗口价格: 高 0.5750 / 低 0.5750
[PX] bid=0.5600 ask=0.5900 last=0.5600 | state=FLAT awaiting=None entry=None
    时间窗口: 15.0m | 采样点数: 53
    窗口跌幅: 当前 0.00% / 最大 0.00% / 阈值 0.10%
    窗口价格: 高 0.5750 / 低 0.5750
[PX] bid=0.5600 ask=0.5900 last=0.1700 | state=FLAT awaiting=None entry=None
    时间窗口: 15.0m | 采样点数: 55
    窗口跌幅: 当前 0.00% / 最大 0.00% / 阈值 0.10%
    窗口价格: 高 0.5750 / 低 0.5750
[PX] bid=0.5600 ask=0.5900 last=0.1900 | state=FLAT awaiting=None entry=None
    时间窗口: 15.0m | 采样点数: 53
    窗口跌幅: 当前 0.00% / 最大 0.00% / 阈值 0.10%
    窗口价格: 高 0.5750 / 低 0.5750
[PX] bid=0.5600 ask=0.5900 last=0.5100 | state=FLAT awaiting=None entry=None
    时间窗口: 15.0m | 采样点数: 54
    窗口跌幅: 当前 0.00% / 最大 0.00% / 阈值 0.10%
    窗口价格: 高 0.5750 / 低 0.5750
[PX] bid=0.5600 ask=0.5900 last=0.5100 | state=FLAT awaiting=None entry=None
    时间窗口: 15.0m | 采样点数: 55
    窗口跌幅: 当前 0.00% / 最大 0.00% / 阈值 0.10%
    窗口价格: 高 0.5750 / 低 0.5750
[PX] bid=0.5600 ask=0.5900 last=0.1800 | state=FLAT awaiting=None entry=None
    时间窗口: 15.0m | 采样点数: 50
    窗口跌幅: 当前 0.00% / 最大 0.00% / 阈值 0.10%
    窗口价格: 高 0.5750 / 低 0.5750
[PX] bid=0.5600 ask=0.5900 last=0.1800 | state=FLAT awaiting=None entry=None
    时间窗口: 15.0m | 采样点数: 49
    窗口跌幅: 当前 0.00% / 最大 0.00% / 阈值 0.10%
    窗口价格: 高 0.5750 / 低 0.5750
[PX] bid=0.5600 ask=0.5900 last=0.1700 | state=FLAT awaiting=None entry=None
    时间窗口: 15.0m | 采样点数: 46
    窗口跌幅: 当前 0.00% / 最大 0.00% / 阈值 0.10%
    窗口价格: 高 0.5750 / 低 0.5750
[PX] bid=0.5600 ask=0.5900 last=0.2000 | state=FLAT awaiting=None entry=None
    时间窗口: 15.0m | 采样点数: 47
    窗口跌幅: 当前 0.00% / 最大 0.00% / 阈值 0.10%
    窗口价格: 高 0.5750 / 低 0.5750
[PX] bid=0.5600 ask=0.5900 last=0.1700 | state=FLAT awaiting=None entry=None
    时间窗口: 15.0m | 采样点数: 47
    窗口跌幅: 当前 0.00% / 最大 0.00% / 阈值 0.10%
    窗口价格: 高 0.5750 / 低 0.5750
[PX] bid=0.5600 ask=0.5900 last=0.1700 | state=FLAT awaiting=None entry=None
    时间窗口: 15.0m | 采样点数: 44
    窗口跌幅: 当前 0.00% / 最大 0.00% / 阈值 0.10%
    窗口价格: 高 0.5750 / 低 0.5750
[PX] bid=0.5600 ask=0.5900 last=0.1900 | state=FLAT awaiting=None entry=None
    时间窗口: 15.0m | 采样点数: 46
    窗口跌幅: 当前 0.00% / 最大 0.00% / 阈值 0.10%
    窗口价格: 高 0.5750 / 低 0.5750
[PX] bid=0.5600 ask=0.5900 last=0.1900 | state=FLAT awaiting=None entry=None
    时间窗口: 15.0m | 采样点数: 48
    窗口跌幅: 当前 0.00% / 最大 0.00% / 阈值 0.10%
    窗口价格: 高 0.5750 / 低 0.5750
[PX] bid=0.5600 ask=0.5900 last=0.1900 | state=FLAT awaiting=None entry=None
    时间窗口: 15.0m | 采样点数: 50
    窗口跌幅: 当前 0.00% / 最大 0.00% / 阈值 0.10%
    窗口价格: 高 0.5750 / 低 0.5750
[PX] bid=0.5600 ask=0.5900 last=0.1800 | state=FLAT awaiting=None entry=None
    时间窗口: 15.0m | 采样点数: 54
    窗口跌幅: 当前 0.00% / 最大 0.00% / 阈值 0.10%
    窗口价格: 高 0.5750 / 低 0.5750
[PX] bid=0.5600 ask=0.5900 last=0.1800 | state=FLAT awaiting=None entry=None
    时间窗口: 15.0m | 采样点数: 56
    窗口跌幅: 当前 0.00% / 最大 0.00% / 阈值 0.10%
    窗口价格: 高 0.5750 / 低 0.5750
[PX] bid=0.5600 ask=0.5900 last=0.1700 | state=FLAT awaiting=None entry=None
    时间窗口: 15.0m | 采样点数: 57
    窗口跌幅: 当前 0.00% / 最大 0.00% / 阈值 0.10%
    窗口价格: 高 0.5750 / 低 0.5750
[PX] bid=0.5600 ask=0.5900 last=0.2000 | state=FLAT awaiting=None entry=None
    时间窗口: 15.0m | 采样点数: 60
    窗口跌幅: 当前 0.00% / 最大 0.00% / 阈值 0.10%
    窗口价格: 高 0.5750 / 低 0.5750
[PX] bid=0.5600 ask=0.5900 last=0.1700 | state=FLAT awaiting=None entry=None
    时间窗口: 15.0m | 采样点数: 62
    窗口跌幅: 当前 0.00% / 最大 0.00% / 阈值 0.10%
    窗口价格: 高 0.5750 / 低 0.5750
[PX] bid=0.5600 ask=0.5900 last=0.1900 | state=FLAT awaiting=None entry=None
    时间窗口: 15.0m | 采样点数: 63
    窗口跌幅: 当前 0.00% / 最大 0.00% / 阈值 0.10%
    窗口价格: 高 0.5750 / 低 0.5750
[PX] bid=0.5600 ask=0.5900 last=0.1900 | state=FLAT awaiting=None entry=None
    时间窗口: 15.0m | 采样点数: 62
    窗口跌幅: 当前 0.00% / 最大 0.00% / 阈值 0.10%
    窗口价格: 高 0.5750 / 低 0.5750
[PX] bid=0.5600 ask=0.5900 last=0.1700 | state=FLAT awaiting=None entry=None
    时间窗口: 15.0m | 采样点数: 62
    窗口跌幅: 当前 0.00% / 最大 0.00% / 阈值 0.10%
    窗口价格: 高 0.5750 / 低 0.5750
[PX] bid=0.5600 ask=0.5900 last=0.1800 | state=FLAT awaiting=None entry=None
    时间窗口: 15.0m | 采样点数: 60
    窗口跌幅: 当前 0.00% / 最大 0.00% / 阈值 0.10%
    窗口价格: 高 0.5750 / 低 0.5750
[PX] bid=0.5600 ask=0.5900 last=0.1800 | state=FLAT awaiting=None entry=None
    时间窗口: 15.0m | 采样点数: 58
    窗口跌幅: 当前 0.00% / 最大 0.00% / 阈值 0.10%
    窗口价格: 高 0.5750 / 低 0.5750
[PX] bid=0.5600 ask=0.5900 last=0.5100 | state=FLAT awaiting=None entry=None
    时间窗口: 15.0m | 采样点数: 58
    窗口跌幅: 当前 0.00% / 最大 0.00% / 阈值 0.10%
    窗口价格: 高 0.5750 / 低 0.5750
[PX] bid=0.5600 ask=0.5900 last=0.1800 | state=FLAT awaiting=None entry=None
    时间窗口: 15.0m | 采样点数: 56
    窗口跌幅: 当前 0.00% / 最大 0.00% / 阈值 0.10%
    窗口价格: 高 0.5750 / 低 0.5750
[PX] bid=0.5600 ask=0.5900 last=0.1900 | state=FLAT awaiting=None entry=None
    时间窗口: 15.0m | 采样点数: 53
    窗口跌幅: 当前 0.00% / 最大 0.00% / 阈值 0.10%
    窗口价格: 高 0.5750 / 低 0.5750
[PX] bid=0.5600 ask=0.5900 last=0.5100 | state=FLAT awaiting=None entry=None
    时间窗口: 15.0m | 采样点数: 55
    窗口跌幅: 当前 0.00% / 最大 0.00% / 阈值 0.10%
    窗口价格: 高 0.5750 / 低 0.5750
[PX] bid=0.5600 ask=0.5900 last=0.1900 | state=FLAT awaiting=None entry=None
    时间窗口: 15.0m | 采样点数: 53
    窗口跌幅: 当前 0.00% / 最大 0.00% / 阈值 0.10%
    窗口价格: 高 0.5750 / 低 0.5750
[PX] bid=0.5600 ask=0.5900 last=0.1800 | state=FLAT awaiting=None entry=None
    时间窗口: 15.0m | 采样点数: 52
    窗口跌幅: 当前 0.00% / 最大 0.00% / 阈值 0.10%
    窗口价格: 高 0.5750 / 低 0.5750
[PX] bid=0.5600 ask=0.5900 last=0.1800 | state=FLAT awaiting=None entry=None
    时间窗口: 15.0m | 采样点数: 52
    窗口跌幅: 当前 0.00% / 最大 0.00% / 阈值 0.10%
    窗口价格: 高 0.5750 / 低 0.5750
[PX] bid=0.5600 ask=0.5900 last=0.1800 | state=FLAT awaiting=None entry=None
    时间窗口: 15.0m | 采样点数: 53
    窗口跌幅: 当前 0.00% / 最大 0.00% / 阈值 0.10%
    窗口价格: 高 0.5750 / 低 0.5750
[PX] bid=0.5600 ask=0.5900 last=0.1700 | state=FLAT awaiting=None entry=None
    时间窗口: 15.0m | 采样点数: 50
    窗口跌幅: 当前 0.00% / 最大 0.00% / 阈值 0.10%
    窗口价格: 高 0.5750 / 低 0.5750
[PX] bid=0.5600 ask=0.5900 last=0.1900 | state=FLAT awaiting=None entry=None
    时间窗口: 15.0m | 采样点数: 47
    窗口跌幅: 当前 0.00% / 最大 0.00% / 阈值 0.10%
    窗口价格: 高 0.5750 / 低 0.5750
[PX] bid=0.5600 ask=0.5900 last=0.5400 | state=FLAT awaiting=None entry=None
    时间窗口: 15.0m | 采样点数: 51
    窗口跌幅: 当前 0.00% / 最大 0.00% / 阈值 0.10%
    窗口价格: 高 0.5750 / 低 0.5750
[PX] bid=0.5600 ask=0.5900 last=0.1900 | state=FLAT awaiting=None entry=None
    时间窗口: 15.0m | 采样点数: 52
    窗口跌幅: 当前 0.00% / 最大 0.00% / 阈值 0.10%
    窗口价格: 高 0.5750 / 低 0.5750
[PX] bid=0.5600 ask=0.5900 last=0.1900 | state=FLAT awaiting=None entry=None
    时间窗口: 15.0m | 采样点数: 52
    窗口跌幅: 当前 0.00% / 最大 0.00% / 阈值 0.10%
    窗口价格: 高 0.5750 / 低 0.5750
[PX] bid=0.5600 ask=0.5900 last=0.1900 | state=FLAT awaiting=None entry=None
    时间窗口: 15.0m | 采样点数: 52
    窗口跌幅: 当前 0.00% / 最大 0.00% / 阈值 0.10%
    窗口价格: 高 0.5750 / 低 0.5750
[PX] bid=0.5600 ask=0.5900 last=0.5100 | state=FLAT awaiting=None entry=None
    时间窗口: 15.0m | 采样点数: 54
    窗口跌幅: 当前 0.00% / 最大 0.00% / 阈值 0.10%
    窗口价格: 高 0.5750 / 低 0.5750
[PX] bid=0.5600 ask=0.5900 last=0.1800 | state=FLAT awaiting=None entry=None
    时间窗口: 15.0m | 采样点数: 56
    窗口跌幅: 当前 0.00% / 最大 0.00% / 阈值 0.10%
    窗口价格: 高 0.5750 / 低 0.5750
[PX] bid=0.5600 ask=0.5900 last=0.0200 | state=FLAT awaiting=None entry=None
    时间窗口: 15.0m | 采样点数: 58
    窗口跌幅: 当前 0.00% / 最大 0.00% / 阈值 0.10%
    窗口价格: 高 0.5750 / 低 0.5750
[PX] bid=0.5600 ask=0.5900 last=0.1900 | state=FLAT awaiting=None entry=None
    时间窗口: 15.0m | 采样点数: 57
    窗口跌幅: 当前 0.00% / 最大 0.00% / 阈值 0.10%
    窗口价格: 高 0.5750 / 低 0.5750
[PX] bid=0.5600 ask=0.5900 last=0.1800 | state=FLAT awaiting=None entry=None
    时间窗口: 15.0m | 采样点数: 57
    窗口跌幅: 当前 0.00% / 最大 0.00% / 阈值 0.10%
    窗口价格: 高 0.5750 / 低 0.5750
[PX] bid=0.5600 ask=0.5900 last=0.1900 | state=FLAT awaiting=None entry=None
    时间窗口: 15.0m | 采样点数: 63
    窗口跌幅: 当前 0.00% / 最大 0.00% / 阈值 0.10%
    窗口价格: 高 0.5750 / 低 0.5750
[PX] bid=0.5600 ask=0.5900 last=0.1900 | state=FLAT awaiting=None entry=None
    时间窗口: 15.0m | 采样点数: 62
    窗口跌幅: 当前 0.00% / 最大 0.00% / 阈值 0.10%
    窗口价格: 高 0.5750 / 低 0.5750
[PX] bid=0.5600 ask=0.5900 last=0.1900 | state=FLAT awaiting=None entry=None
    时间窗口: 15.0m | 采样点数: 62
    窗口跌幅: 当前 0.00% / 最大 0.00% / 阈值 0.10%
    窗口价格: 高 0.5750 / 低 0.5750
[PX] bid=0.5600 ask=0.5900 last=0.1800 | state=FLAT awaiting=None entry=None
    时间窗口: 15.0m | 采样点数: 58
    窗口跌幅: 当前 0.00% / 最大 0.00% / 阈值 0.10%
    窗口价格: 高 0.5750 / 低 0.5750
[PX] bid=0.5600 ask=0.5900 last=0.1800 | state=FLAT awaiting=None entry=None
    时间窗口: 15.0m | 采样点数: 58
    窗口跌幅: 当前 0.00% / 最大 0.00% / 阈值 0.10%
    窗口价格: 高 0.5750 / 低 0.5750
[PX] bid=0.5600 ask=0.5900 last=0.5100 | state=FLAT awaiting=None entry=None
    时间窗口: 15.0m | 采样点数: 58
    窗口跌幅: 当前 0.00% / 最大 0.00% / 阈值 0.10%
    窗口价格: 高 0.5750 / 低 0.5750
[PX] bid=0.5600 ask=0.5900 last=0.0200 | state=FLAT awaiting=None entry=None
    时间窗口: 15.0m | 采样点数: 56
    窗口跌幅: 当前 0.00% / 最大 0.00% / 阈值 0.10%
    窗口价格: 高 0.5750 / 低 0.5750
[PX] bid=0.5600 ask=0.5900 last=0.1800 | state=FLAT awaiting=None entry=None
    时间窗口: 15.0m | 采样点数: 55
    窗口跌幅: 当前 0.00% / 最大 0.00% / 阈值 0.10%
    窗口价格: 高 0.5750 / 低 0.5750
[PX] bid=0.5600 ask=0.5900 last=0.1900 | state=FLAT awaiting=None entry=None
    时间窗口: 15.0m | 采样点数: 59
    窗口跌幅: 当前 0.00% / 最大 0.00% / 阈值 0.10%
    窗口价格: 高 0.5750 / 低 0.5750
[PX] bid=0.5600 ask=0.5900 last=0.1900 | state=FLAT awaiting=None entry=None
    时间窗口: 15.0m | 采样点数: 62
    窗口跌幅: 当前 0.00% / 最大 0.00% / 阈值 0.10%
    窗口价格: 高 0.5750 / 低 0.5750
[PX] bid=0.5600 ask=0.5900 last=0.1900 | state=FLAT awaiting=None entry=None
    时间窗口: 15.0m | 采样点数: 58
    窗口跌幅: 当前 0.00% / 最大 0.00% / 阈值 0.10%
    窗口价格: 高 0.5750 / 低 0.5750
[PX] bid=0.5700 ask=0.5900 last=0.5500 | state=FLAT awaiting=None entry=None
    时间窗口: 15.0m | 采样点数: 61
    窗口跌幅: 当前 0.00% / 最大 0.86% / 阈值 0.10%
    窗口价格: 高 0.5800 / 低 0.5750
[PX] bid=0.5700 ask=0.5900 last=0.5100 | state=FLAT awaiting=None entry=None
    时间窗口: 15.0m | 采样点数: 60
    窗口跌幅: 当前 0.00% / 最大 0.86% / 阈值 0.10%
    窗口价格: 高 0.5800 / 低 0.5750
[PX] bid=0.5700 ask=0.5900 last=0.1800 | state=FLAT awaiting=None entry=None
    时间窗口: 15.0m | 采样点数: 60
    窗口跌幅: 当前 0.00% / 最大 0.86% / 阈值 0.10%
    窗口价格: 高 0.5800 / 低 0.5750
[PX] bid=0.5700 ask=0.5900 last=0.1800 | state=FLAT awaiting=None entry=None
    时间窗口: 15.0m | 采样点数: 62
    窗口跌幅: 当前 0.00% / 最大 0.86% / 阈值 0.10%
    窗口价格: 高 0.5800 / 低 0.5750
[PX] bid=0.5700 ask=0.5900 last=0.2000 | state=FLAT awaiting=None entry=None
    时间窗口: 15.0m | 采样点数: 62
    窗口跌幅: 当前 0.00% / 最大 0.86% / 阈值 0.10%
    窗口价格: 高 0.5800 / 低 0.5750
[PX] bid=0.5700 ask=0.5900 last=0.2000 | state=FLAT awaiting=None entry=None
    时间窗口: 15.0m | 采样点数: 57
    窗口跌幅: 当前 0.00% / 最大 0.86% / 阈值 0.10%
    窗口价格: 高 0.5800 / 低 0.5750
[PX] bid=0.5700 ask=0.5900 last=0.9800 | state=FLAT awaiting=None entry=None
    时间窗口: 15.0m | 采样点数: 63
    窗口跌幅: 当前 0.00% / 最大 0.86% / 阈值 0.10%
    窗口价格: 高 0.5800 / 低 0.5750
[PX] bid=0.5700 ask=0.5900 last=0.9800 | state=FLAT awaiting=None entry=None
    时间窗口: 15.0m | 采样点数: 62
    窗口跌幅: 当前 0.00% / 最大 0.86% / 阈值 0.10%
    窗口价格: 高 0.5800 / 低 0.5750
[PX] bid=0.5700 ask=0.5900 last=0.1800 | state=FLAT awaiting=None entry=None
    时间窗口: 15.0m | 采样点数: 59
    窗口跌幅: 当前 0.00% / 最大 0.86% / 阈值 0.10%
    窗口价格: 高 0.5800 / 低 0.5750
[PX] bid=0.5700 ask=0.5900 last=0.1800 | state=FLAT awaiting=None entry=None
    时间窗口: 15.0m | 采样点数: 60
    窗口跌幅: 当前 0.00% / 最大 0.86% / 阈值 0.10%
    窗口价格: 高 0.5800 / 低 0.5750
[PX] bid=0.5700 ask=0.5900 last=0.5300 | state=FLAT awaiting=None entry=None
    时间窗口: 15.0m | 采样点数: 60
    窗口跌幅: 当前 0.00% / 最大 0.86% / 阈值 0.10%
    窗口价格: 高 0.5800 / 低 0.5750
[PX] bid=0.5700 ask=0.5900 last=0.5300 | state=FLAT awaiting=None entry=None
    时间窗口: 15.0m | 采样点数: 64
    窗口跌幅: 当前 0.00% / 最大 0.86% / 阈值 0.10%
    窗口价格: 高 0.5800 / 低 0.5750
[PX] bid=0.5700 ask=0.5900 last=0.5300 | state=FLAT awaiting=None entry=None
    时间窗口: 15.0m | 采样点数: 63
    窗口跌幅: 当前 0.00% / 最大 0.86% / 阈值 0.10%
    窗口价格: 高 0.5800 / 低 0.5750
[PX] bid=0.5700 ask=0.5900 last=0.5100 | state=FLAT awaiting=None entry=None
    时间窗口: 15.0m | 采样点数: 59
    窗口跌幅: 当前 0.00% / 最大 0.86% / 阈值 0.10%
    窗口价格: 高 0.5800 / 低 0.5750
[PX] bid=0.5700 ask=0.5900 last=0.5200 | state=FLAT awaiting=None entry=None
    时间窗口: 15.0m | 采样点数: 62
    窗口跌幅: 当前 0.00% / 最大 0.86% / 阈值 0.10%
    窗口价格: 高 0.5800 / 低 0.5750
[PX] bid=0.5700 ask=0.5900 last=0.1900 | state=FLAT awaiting=None entry=None
    时间窗口: 15.0m | 采样点数: 59
    窗口跌幅: 当前 0.00% / 最大 0.00% / 阈值 0.10%
    窗口价格: 高 0.5800 / 低 0.5800
[PX] bid=0.5700 ask=0.5900 last=0.5300 | state=FLAT awaiting=None entry=None
    时间窗口: 15.0m | 采样点数: 58
    窗口跌幅: 当前 0.00% / 最大 0.00% / 阈值 0.10%
    窗口价格: 高 0.5800 / 低 0.5800
[PX] bid=0.5700 ask=0.5900 last=0.5300 | state=FLAT awaiting=None entry=None
    时间窗口: 15.0m | 采样点数: 62
    窗口跌幅: 当前 0.00% / 最大 0.00% / 阈值 0.10%
    窗口价格: 高 0.5800 / 低 0.5800
[PX] bid=0.5700 ask=0.5900 last=0.1800 | state=FLAT awaiting=None entry=None
    时间窗口: 15.0m | 采样点数: 65
    窗口跌幅: 当前 0.00% / 最大 0.00% / 阈值 0.10%
    窗口价格: 高 0.5800 / 低 0.5800
[PX] bid=0.5700 ask=0.5900 last=0.1700 | state=FLAT awaiting=None entry=None
    时间窗口: 15.0m | 采样点数: 65
    窗口跌幅: 当前 0.00% / 最大 0.00% / 阈值 0.10%
    窗口价格: 高 0.5800 / 低 0.5800
[PX] bid=0.5700 ask=0.5900 last=0.5500 | state=FLAT awaiting=None entry=None
    时间窗口: 15.0m | 采样点数: 71
    窗口跌幅: 当前 0.00% / 最大 0.00% / 阈值 0.10%
    窗口价格: 高 0.5800 / 低 0.5800
[PX] bid=0.5700 ask=0.5900 last=0.5300 | state=FLAT awaiting=None entry=None
    时间窗口: 15.0m | 采样点数: 72
    窗口跌幅: 当前 0.00% / 最大 0.00% / 阈值 0.10%
    窗口价格: 高 0.5800 / 低 0.5800
[PX] bid=0.5700 ask=0.5900 last=0.8600 | state=FLAT awaiting=None entry=None
    时间窗口: 15.0m | 采样点数: 69
    窗口跌幅: 当前 0.00% / 最大 0.00% / 阈值 0.10%
    窗口价格: 高 0.5800 / 低 0.5800
[PX] bid=0.5700 ask=0.5900 last=0.8600 | state=FLAT awaiting=None entry=None
    时间窗口: 15.0m | 采样点数: 71
    窗口跌幅: 当前 0.00% / 最大 0.00% / 阈值 0.10%
    窗口价格: 高 0.5800 / 低 0.5800
[PX] bid=0.5700 ask=0.5900 last=0.3700 | state=FLAT awaiting=None entry=None
    时间窗口: 15.0m | 采样点数: 71
    窗口跌幅: 当前 0.00% / 最大 0.00% / 阈值 0.10%
    窗口价格: 高 0.5800 / 低 0.5800
[PX] bid=0.5700 ask=0.5900 last=0.5400 | state=FLAT awaiting=None entry=None
    时间窗口: 15.0m | 采样点数: 73
    窗口跌幅: 当前 0.00% / 最大 0.00% / 阈值 0.10%
    窗口价格: 高 0.5800 / 低 0.5800
[PX] bid=0.5700 ask=0.5900 last=0.5100 | state=FLAT awaiting=None entry=None
    时间窗口: 15.0m | 采样点数: 68
    窗口跌幅: 当前 0.00% / 最大 0.00% / 阈值 0.10%
    窗口价格: 高 0.5800 / 低 0.5800
[PX] bid=0.5700 ask=0.5900 last=0.0200 | state=FLAT awaiting=None entry=None
    时间窗口: 15.0m | 采样点数: 72
    窗口跌幅: 当前 0.00% / 最大 0.00% / 阈值 0.10%
    窗口价格: 高 0.5800 / 低 0.5800
[PX] bid=0.5700 ask=0.5900 last=0.1700 | state=FLAT awaiting=None entry=None
    时间窗口: 15.0m | 采样点数: 73
    窗口跌幅: 当前 0.00% / 最大 0.00% / 阈值 0.10%
    窗口价格: 高 0.5800 / 低 0.5800
[PX] bid=0.5700 ask=0.5900 last=0.1900 | state=FLAT awaiting=None entry=None
    时间窗口: 15.0m | 采样点数: 74
    窗口跌幅: 当前 0.00% / 最大 0.00% / 阈值 0.10%
    窗口价格: 高 0.5800 / 低 0.5800
[PX] bid=0.5700 ask=0.5900 last=0.5400 | state=FLAT awaiting=None entry=None
    时间窗口: 15.0m | 采样点数: 76
    窗口跌幅: 当前 0.00% / 最大 0.00% / 阈值 0.10%
    窗口价格: 高 0.5800 / 低 0.5800
[PX] bid=0.5700 ask=0.5900 last=0.5400 | state=FLAT awaiting=None entry=None
    时间窗口: 15.0m | 采样点数: 76
    窗口跌幅: 当前 0.00% / 最大 0.00% / 阈值 0.10%
    窗口价格: 高 0.5800 / 低 0.5800
[PX] bid=0.5700 ask=0.5900 last=0.1900 | state=FLAT awaiting=None entry=None
    时间窗口: 15.0m | 采样点数: 69
    窗口跌幅: 当前 0.00% / 最大 0.00% / 阈值 0.10%
    窗口价格: 高 0.5800 / 低 0.5800
[PX] bid=0.5700 ask=0.5900 last=0.1700 | state=FLAT awaiting=None entry=None
    时间窗口: 15.0m | 采样点数: 68
    窗口跌幅: 当前 0.00% / 最大 0.00% / 阈值 0.10%
    窗口价格: 高 0.5800 / 低 0.5800
[PX] bid=0.5700 ask=0.5900 last=0.0200 | state=FLAT awaiting=None entry=None
    时间窗口: 15.0m | 采样点数: 67
    窗口跌幅: 当前 0.00% / 最大 0.00% / 阈值 0.10%
    窗口价格: 高 0.5800 / 低 0.5800
[PX] bid=0.5700 ask=0.5900 last=0.5100 | state=FLAT awaiting=None entry=None
    时间窗口: 15.0m | 采样点数: 62
    窗口跌幅: 当前 0.00% / 最大 0.00% / 阈值 0.10%
    窗口价格: 高 0.5800 / 低 0.5800
[PX] bid=0.5700 ask=0.5900 last=0.1900 | state=FLAT awaiting=None entry=None
    时间窗口: 15.0m | 采样点数: 61
    窗口跌幅: 当前 0.00% / 最大 0.00% / 阈值 0.10%
    窗口价格: 高 0.5800 / 低 0.5800
[PX] bid=0.5700 ask=0.5900 last=0.1900 | state=FLAT awaiting=None entry=None
    时间窗口: 15.0m | 采样点数: 63
    窗口跌幅: 当前 0.00% / 最大 0.00% / 阈值 0.10%
    窗口价格: 高 0.5800 / 低 0.5800
[PX] bid=0.5700 ask=0.5900 last=0.1700 | state=FLAT awaiting=None entry=None
    时间窗口: 15.0m | 采样点数: 63
    窗口跌幅: 当前 0.00% / 最大 0.00% / 阈值 0.10%
    窗口价格: 高 0.5800 / 低 0.5800
[PX] bid=0.5700 ask=0.5900 last=0.2000 | state=FLAT awaiting=None entry=None
    时间窗口: 15.0m | 采样点数: 63
    窗口跌幅: 当前 0.00% / 最大 0.00% / 阈值 0.10%
    窗口价格: 高 0.5800 / 低 0.5800
[PX] bid=0.5700 ask=0.5900 last=0.5500 | state=FLAT awaiting=None entry=None
    时间窗口: 15.0m | 采样点数: 60
    窗口跌幅: 当前 0.00% / 最大 0.00% / 阈值 0.10%
    窗口价格: 高 0.5800 / 低 0.5800
[PX] bid=0.5700 ask=0.5900 last=0.9800 | state=FLAT awaiting=None entry=None
    时间窗口: 15.0m | 采样点数: 61
    窗口跌幅: 当前 0.00% / 最大 0.00% / 阈值 0.10%
    窗口价格: 高 0.5800 / 低 0.5800
[PX] bid=0.5700 ask=0.5900 last=0.1900 | state=FLAT awaiting=None entry=None
    时间窗口: 15.0m | 采样点数: 60
    窗口跌幅: 当前 0.00% / 最大 0.00% / 阈值 0.10%
    窗口价格: 高 0.5800 / 低 0.5800
[PX] bid=0.5700 ask=0.5900 last=0.6100 | state=FLAT awaiting=None entry=None
    时间窗口: 15.0m | 采样点数: 51
    窗口跌幅: 当前 0.00% / 最大 0.00% / 阈值 0.10%
    窗口价格: 高 0.5800 / 低 0.5800
[PX] bid=0.5700 ask=0.5900 last=0.5300 | state=FLAT awaiting=None entry=None
    时间窗口: 15.0m | 采样点数: 49
    窗口跌幅: 当前 0.00% / 最大 0.00% / 阈值 0.10%
    窗口价格: 高 0.5800 / 低 0.5800
[PX] bid=0.5700 ask=0.5900 last=0.5300 | state=FLAT awaiting=None entry=None
    时间窗口: 15.0m | 采样点数: 51
    窗口跌幅: 当前 0.00% / 最大 0.00% / 阈值 0.10%
    窗口价格: 高 0.5800 / 低 0.5800
[PX] bid=0.5700 ask=0.5900 last=0.5200 | state=FLAT awaiting=None entry=None
    时间窗口: 15.0m | 采样点数: 54
    窗口跌幅: 当前 0.00% / 最大 0.00% / 阈值 0.10%
    窗口价格: 高 0.5800 / 低 0.5800
[PX] bid=0.5700 ask=0.5900 last=0.5100 | state=FLAT awaiting=None entry=None
    时间窗口: 15.0m | 采样点数: 58
    窗口跌幅: 当前 0.00% / 最大 0.00% / 阈值 0.10%
    窗口价格: 高 0.5800 / 低 0.5800
[PX] bid=0.5700 ask=0.5900 last=0.5100 | state=FLAT awaiting=None entry=None
    时间窗口: 15.0m | 采样点数: 59
    窗口跌幅: 当前 0.00% / 最大 0.00% / 阈值 0.10%
    窗口价格: 高 0.5800 / 低 0.5800
[PX] bid=0.5700 ask=0.5900 last=0.5100 | state=FLAT awaiting=None entry=None
    时间窗口: 15.0m | 采样点数: 59
    窗口跌幅: 当前 0.00% / 最大 0.00% / 阈值 0.10%
    窗口价格: 高 0.5800 / 低 0.5800
[PX] bid=0.5700 ask=0.5900 last=0.1900 | state=FLAT awaiting=None entry=None
    时间窗口: 15.0m | 采样点数: 56
    窗口跌幅: 当前 0.00% / 最大 0.00% / 阈值 0.10%
    窗口价格: 高 0.5800 / 低 0.5800
[PX] bid=0.5700 ask=0.5900 last=0.5300 | state=FLAT awaiting=None entry=None
    时间窗口: 15.0m | 采样点数: 54
    窗口跌幅: 当前 0.00% / 最大 0.00% / 阈值 0.10%
    窗口价格: 高 0.5800 / 低 0.5800
[PX] bid=0.5700 ask=0.5900 last=0.1800 | state=FLAT awaiting=None entry=None
    时间窗口: 15.0m | 采样点数: 54
    窗口跌幅: 当前 0.00% / 最大 0.00% / 阈值 0.10%
    窗口价格: 高 0.5800 / 低 0.5800
[PX] bid=0.5700 ask=0.5900 last=0.2000 | state=FLAT awaiting=None entry=None
    时间窗口: 15.0m | 采样点数: 56
    窗口跌幅: 当前 0.00% / 最大 0.00% / 阈值 0.10%
    窗口价格: 高 0.5800 / 低 0.5800
[PX] bid=0.5700 ask=0.5900 last=0.0200 | state=FLAT awaiting=None entry=None
    时间窗口: 15.0m | 采样点数: 57
    窗口跌幅: 当前 0.00% / 最大 0.00% / 阈值 0.10%
    窗口价格: 高 0.5800 / 低 0.5800
[PX] bid=0.5700 ask=0.5900 last=0.5100 | state=FLAT awaiting=None entry=None
    时间窗口: 15.0m | 采样点数: 62
    窗口跌幅: 当前 0.00% / 最大 0.00% / 阈值 0.10%
    窗口价格: 高 0.5800 / 低 0.5800
[PX] bid=0.5700 ask=0.5900 last=0.1700 | state=FLAT awaiting=None entry=None
    时间窗口: 15.0m | 采样点数: 65
    窗口跌幅: 当前 0.00% / 最大 0.00% / 阈值 0.10%
    窗口价格: 高 0.5800 / 低 0.5800
[PX] bid=0.5700 ask=0.5900 last=0.0200 | state=FLAT awaiting=None entry=None
    时间窗口: 15.0m | 采样点数: 66
    窗口跌幅: 当前 0.00% / 最大 0.00% / 阈值 0.10%
    窗口价格: 高 0.5800 / 低 0.5800
[PX] bid=0.5700 ask=0.5900 last=0.1800 | state=FLAT awaiting=None entry=None
    时间窗口: 15.0m | 采样点数: 67
    窗口跌幅: 当前 0.00% / 最大 0.00% / 阈值 0.10%
    窗口价格: 高 0.5800 / 低 0.5800
[PX] bid=0.5700 ask=0.5900 last=0.6100 | state=FLAT awaiting=None entry=None
    时间窗口: 15.0m | 采样点数: 65
    窗口跌幅: 当前 0.00% / 最大 0.00% / 阈值 0.10%
    窗口价格: 高 0.5800 / 低 0.5800
[PX] bid=0.5700 ask=0.5900 last=0.5100 | state=FLAT awaiting=None entry=None
    时间窗口: 15.0m | 采样点数: 61
    窗口跌幅: 当前 0.00% / 最大 0.00% / 阈值 0.10%
    窗口价格: 高 0.5800 / 低 0.5800
[PX] bid=0.5700 ask=0.5900 last=0.1900 | state=FLAT awaiting=None entry=None
    时间窗口: 15.0m | 采样点数: 65
    窗口跌幅: 当前 0.00% / 最大 0.00% / 阈值 0.10%
    窗口价格: 高 0.5800 / 低 0.5800
[PX] bid=0.5700 ask=0.5900 last=0.5400 | state=FLAT awaiting=None entry=None
    时间窗口: 15.0m | 采样点数: 67
    窗口跌幅: 当前 0.00% / 最大 0.00% / 阈值 0.10%
    窗口价格: 高 0.5800 / 低 0.5800
[PX] bid=0.5700 ask=0.5900 last=0.1800 | state=FLAT awaiting=None entry=None
    时间窗口: 15.0m | 采样点数: 61
    窗口跌幅: 当前 0.00% / 最大 0.00% / 阈值 0.10%
    窗口价格: 高 0.5800 / 低 0.5800
[PX] bid=0.5700 ask=0.5900 last=0.1900 | state=FLAT awaiting=None entry=None
    时间窗口: 15.0m | 采样点数: 59
    窗口跌幅: 当前 0.00% / 最大 0.00% / 阈值 0.10%
    窗口价格: 高 0.5800 / 低 0.5800
[PX] bid=0.5700 ask=0.5900 last=0.5200 | state=FLAT awaiting=None entry=None
    时间窗口: 15.0m | 采样点数: 59
    窗口跌幅: 当前 0.00% / 最大 0.00% / 阈值 0.10%
    窗口价格: 高 0.5800 / 低 0.5800
[PX] bid=0.5700 ask=0.5900 last=0.1900 | state=FLAT awaiting=None entry=None
    时间窗口: 15.0m | 采样点数: 63
    窗口跌幅: 当前 0.00% / 最大 0.00% / 阈值 0.10%
    窗口价格: 高 0.5800 / 低 0.5800
[PX] bid=0.5700 ask=0.5900 last=0.1800 | state=FLAT awaiting=None entry=None
    时间窗口: 15.0m | 采样点数: 64
    窗口跌幅: 当前 0.00% / 最大 0.00% / 阈值 0.10%
    窗口价格: 高 0.5800 / 低 0.5800
[PX] bid=0.5700 ask=0.5900 last=0.1800 | state=FLAT awaiting=None entry=None
    时间窗口: 15.0m | 采样点数: 62
    窗口跌幅: 当前 0.00% / 最大 0.00% / 阈值 0.10%
    窗口价格: 高 0.5800 / 低 0.5800
[PX] bid=0.5700 ask=0.5900 last=0.1800 | state=FLAT awaiting=None entry=None
    时间窗口: 15.0m | 采样点数: 60
    窗口跌幅: 当前 0.00% / 最大 0.00% / 阈值 0.10%
    窗口价格: 高 0.5800 / 低 0.5800
[PX] bid=0.5700 ask=0.5900 last=0.5100 | state=FLAT awaiting=None entry=None
    时间窗口: 15.0m | 采样点数: 57
    窗口跌幅: 当前 0.00% / 最大 0.00% / 阈值 0.10%
    窗口价格: 高 0.5800 / 低 0.5800
[PX] bid=0.5700 ask=0.5900 last=0.1800 | state=FLAT awaiting=None entry=None
    时间窗口: 15.0m | 采样点数: 56
    窗口跌幅: 当前 0.00% / 最大 0.00% / 阈值 0.10%
    窗口价格: 高 0.5800 / 低 0.5800
[PX] bid=0.5700 ask=0.5900 last=0.2000 | state=FLAT awaiting=None entry=None
    时间窗口: 15.0m | 采样点数: 57
    窗口跌幅: 当前 0.00% / 最大 0.00% / 阈值 0.10%
    窗口价格: 高 0.5800 / 低 0.5800
[PX] bid=0.5700 ask=0.5900 last=0.2000 | state=FLAT awaiting=None entry=None
    时间窗口: 15.0m | 采样点数: 57
    窗口跌幅: 当前 0.00% / 最大 0.00% / 阈值 0.10%
    窗口价格: 高 0.5800 / 低 0.5800
[PX] bid=0.5700 ask=0.5900 last=0.5300 | state=FLAT awaiting=None entry=None
    时间窗口: 15.0m | 采样点数: 59
    窗口跌幅: 当前 0.00% / 最大 0.00% / 阈值 0.10%
    窗口价格: 高 0.5800 / 低 0.5800
[PX] bid=0.5700 ask=0.5900 last=0.5300 | state=FLAT awaiting=None entry=None
    时间窗口: 15.0m | 采样点数: 65
    窗口跌幅: 当前 0.00% / 最大 0.00% / 阈值 0.10%
    窗口价格: 高 0.5800 / 低 0.5800
[PX] bid=0.5700 ask=0.5900 last=0.5700 | state=FLAT awaiting=None entry=None
    时间窗口: 15.0m | 采样点数: 64
    窗口跌幅: 当前 0.00% / 最大 0.00% / 阈值 0.10%
    窗口价格: 高 0.5800 / 低 0.5800
[PX] bid=0.5700 ask=0.5900 last=0.1700 | state=FLAT awaiting=None entry=None
    时间窗口: 15.0m | 采样点数: 66
    窗口跌幅: 当前 0.00% / 最大 0.00% / 阈值 0.10%
    窗口价格: 高 0.5800 / 低 0.5800
[PX] bid=0.5700 ask=0.5900 last=0.1700 | state=FLAT awaiting=None entry=None
    时间窗口: 15.0m | 采样点数: 67
    窗口跌幅: 当前 0.00% / 最大 0.00% / 阈值 0.10%
    窗口价格: 高 0.5800 / 低 0.5800
[PX] bid=0.5700 ask=0.5900 last=0.6100 | state=FLAT awaiting=None entry=None
    时间窗口: 15.0m | 采样点数: 67
    窗口跌幅: 当前 0.00% / 最大 0.00% / 阈值 0.10%
    窗口价格: 高 0.5800 / 低 0.5800
[PX] bid=0.5700 ask=0.5900 last=0.5400 | state=FLAT awaiting=None entry=None
    时间窗口: 15.0m | 采样点数: 72
    窗口跌幅: 当前 0.00% / 最大 0.00% / 阈值 0.10%
    窗口价格: 高 0.5800 / 低 0.5800
[PX] bid=0.5700 ask=0.5900 last=0.5100 | state=FLAT awaiting=None entry=None
    时间窗口: 15.0m | 采样点数: 73
    窗口跌幅: 当前 0.00% / 最大 0.00% / 阈值 0.10%
    窗口价格: 高 0.5800 / 低 0.5800
[PX] bid=0.5700 ask=0.5900 last=0.9000 | state=FLAT awaiting=None entry=None
    时间窗口: 15.0m | 采样点数: 74
    窗口跌幅: 当前 0.00% / 最大 0.00% / 阈值 0.10%
    窗口价格: 高 0.5800 / 低 0.5800
[PX] bid=0.5700 ask=0.5900 last=0.2000 | state=FLAT awaiting=None entry=None
    时间窗口: 15.0m | 采样点数: 73
    窗口跌幅: 当前 0.00% / 最大 0.00% / 阈值 0.10%
    窗口价格: 高 0.5800 / 低 0.5800
[PX] bid=0.5700 ask=0.5900 last=0.2000 | state=FLAT awaiting=None entry=None
    时间窗口: 15.0m | 采样点数: 74
    窗口跌幅: 当前 0.00% / 最大 0.00% / 阈值 0.10%
    窗口价格: 高 0.5800 / 低 0.5800
[PX] bid=0.5700 ask=0.5900 last=0.1700 | state=FLAT awaiting=None entry=None
    时间窗口: 15.0m | 采样点数: 69
    窗口跌幅: 当前 0.00% / 最大 0.00% / 阈值 0.10%
    窗口价格: 高 0.5800 / 低 0.5800
[PX] bid=0.5700 ask=0.5900 last=0.5400 | state=FLAT awaiting=None entry=None
    时间窗口: 15.0m | 采样点数: 71
    窗口跌幅: 当前 0.00% / 最大 0.00% / 阈值 0.10%
    窗口价格: 高 0.5800 / 低 0.5800
[PX] bid=0.5700 ask=0.5900 last=0.1700 | state=FLAT awaiting=None entry=None
    时间窗口: 15.0m | 采样点数: 72
    窗口跌幅: 当前 0.00% / 最大 0.00% / 阈值 0.10%
    窗口价格: 高 0.5800 / 低 0.5800
[PX] bid=0.5700 ask=0.5900 last=0.1700 | state=FLAT awaiting=None entry=None
    时间窗口: 15.0m | 采样点数: 72
    窗口跌幅: 当前 0.00% / 最大 0.00% / 阈值 0.10%
    窗口价格: 高 0.5800 / 低 0.5800
[PX] bid=0.5700 ask=0.5900 last=0.1700 | state=FLAT awaiting=None entry=None
    时间窗口: 15.0m | 采样点数: 67
    窗口跌幅: 当前 0.00% / 最大 0.00% / 阈值 0.10%
    窗口价格: 高 0.5800 / 低 0.5800
[PX] bid=0.5700 ask=0.5900 last=0.1800 | state=FLAT awaiting=None entry=None
    时间窗口: 15.0m | 采样点数: 61
    窗口跌幅: 当前 0.00% / 最大 0.00% / 阈值 0.10%
    窗口价格: 高 0.5800 / 低 0.5800
[PX] bid=0.5700 ask=0.5900 last=0.1700 | state=FLAT awaiting=None entry=None
    时间窗口: 15.0m | 采样点数: 63
    窗口跌幅: 当前 0.00% / 最大 0.00% / 阈值 0.10%
    窗口价格: 高 0.5800 / 低 0.5800
[PX] bid=0.5700 ask=0.5900 last=0.5000 | state=FLAT awaiting=None entry=None
    时间窗口: 15.0m | 采样点数: 57
    窗口跌幅: 当前 0.00% / 最大 0.00% / 阈值 0.10%
    窗口价格: 高 0.5800 / 低 0.5800
[PX] bid=0.5700 ask=0.5900 last=0.5500 | state=FLAT awaiting=None entry=None
    时间窗口: 15.0m | 采样点数: 60
    窗口跌幅: 当前 0.00% / 最大 0.00% / 阈值 0.10%
    窗口价格: 高 0.5800 / 低 0.5800
[PX] bid=0.5700 ask=0.5900 last=0.5100 | state=FLAT awaiting=None entry=None
    时间窗口: 15.0m | 采样点数: 59
    窗口跌幅: 当前 0.00% / 最大 0.00% / 阈值 0.10%
    窗口价格: 高 0.5800 / 低 0.5800
[PX] bid=0.5700 ask=0.5900 last=0.2000 | state=FLAT awaiting=None entry=None
    时间窗口: 15.0m | 采样点数: 62
    窗口跌幅: 当前 0.00% / 最大 0.00% / 阈值 0.10%
    窗口价格: 高 0.5800 / 低 0.5800
[PX] bid=0.5700 ask=0.5900 last=0.5100 | state=FLAT awaiting=None entry=None
    时间窗口: 15.0m | 采样点数: 61
    窗口跌幅: 当前 0.00% / 最大 0.00% / 阈值 0.10%
    窗口价格: 高 0.5800 / 低 0.5800
[PX] bid=0.5700 ask=0.5900 last=0.1900 | state=FLAT awaiting=None entry=None
    时间窗口: 15.0m | 采样点数: 64
    窗口跌幅: 当前 0.00% / 最大 0.00% / 阈值 0.10%
    窗口价格: 高 0.5800 / 低 0.5800
[PX] bid=0.5700 ask=0.5900 last=0.1800 | state=FLAT awaiting=None entry=None
    时间窗口: 15.0m | 采样点数: 62
    窗口跌幅: 当前 0.00% / 最大 0.00% / 阈值 0.10%
    窗口价格: 高 0.5800 / 低 0.5800
[PX] bid=0.5700 ask=0.5900 last=0.1900 | state=FLAT awaiting=None entry=None
    时间窗口: 15.0m | 采样点数: 63
    窗口跌幅: 当前 0.00% / 最大 0.00% / 阈值 0.10%
    窗口价格: 高 0.5800 / 低 0.5800
[PX] bid=0.5700 ask=0.5900 last=0.1800 | state=FLAT awaiting=None entry=None
    时间窗口: 15.0m | 采样点数: 66
    窗口跌幅: 当前 0.00% / 最大 0.00% / 阈值 0.10%
    窗口价格: 高 0.5800 / 低 0.5800
[PX] bid=0.5700 ask=0.5900 last=0.5100 | state=FLAT awaiting=None entry=None
    时间窗口: 15.0m | 采样点数: 67
    窗口跌幅: 当前 0.00% / 最大 0.00% / 阈值 0.10%
    窗口价格: 高 0.5800 / 低 0.5800
[PX] bid=0.5700 ask=0.5900 last=0.5100 | state=FLAT awaiting=None entry=None
    时间窗口: 15.0m | 采样点数: 65
    窗口跌幅: 当前 0.00% / 最大 0.00% / 阈值 0.10%
    窗口价格: 高 0.5800 / 低 0.5800
[PX] bid=0.5700 ask=0.5900 last=0.1900 | state=FLAT awaiting=None entry=None
    时间窗口: 15.0m | 采样点数: 66
    窗口跌幅: 当前 0.00% / 最大 0.00% / 阈值 0.10%
    窗口价格: 高 0.5800 / 低 0.5800
[PX] bid=0.5700 ask=0.5900 last=0.1800 | state=FLAT awaiting=None entry=None
    时间窗口: 15.0m | 采样点数: 66
    窗口跌幅: 当前 0.00% / 最大 0.00% / 阈值 0.10%
    窗口价格: 高 0.5800 / 低 0.5800
[PX] bid=0.5700 ask=0.5900 last=0.2000 | state=FLAT awaiting=None entry=None
    时间窗口: 15.0m | 采样点数: 69
    窗口跌幅: 当前 0.00% / 最大 0.00% / 阈值 0.10%
    窗口价格: 高 0.5800 / 低 0.5800
[PX] bid=0.5700 ask=0.5900 last=0.2000 | state=FLAT awaiting=None entry=None
    时间窗口: 15.0m | 采样点数: 69
    窗口跌幅: 当前 0.00% / 最大 0.00% / 阈值 0.10%
    窗口价格: 高 0.5800 / 低 0.5800
[PX] bid=0.5700 ask=0.5900 last=0.2000 | state=FLAT awaiting=None entry=None
    时间窗口: 15.0m | 采样点数: 71
    窗口跌幅: 当前 0.00% / 最大 0.00% / 阈值 0.10%
    窗口价格: 高 0.5800 / 低 0.5800
[PX] bid=0.5700 ask=0.5900 last=0.5500 | state=FLAT awaiting=None entry=None
    时间窗口: 15.0m | 采样点数: 70
    窗口跌幅: 当前 0.00% / 最大 0.00% / 阈值 0.10%
    窗口价格: 高 0.5800 / 低 0.5800
[PX] bid=0.5700 ask=0.5900 last=0.1900 | state=FLAT awaiting=None entry=None
    时间窗口: 15.0m | 采样点数: 72
    窗口跌幅: 当前 0.00% / 最大 0.00% / 阈值 0.10%
    窗口价格: 高 0.5800 / 低 0.5800
[PX] bid=0.5700 ask=0.5900 last=0.6200 | state=FLAT awaiting=None entry=None
    时间窗口: 15.0m | 采样点数: 68
    窗口跌幅: 当前 0.00% / 最大 0.00% / 阈值 0.10%
    窗口价格: 高 0.5800 / 低 0.5800
[PX] bid=0.5700 ask=0.5900 last=0.5400 | state=FLAT awaiting=None entry=None
    时间窗口: 15.0m | 采样点数: 70
    窗口跌幅: 当前 0.00% / 最大 0.00% / 阈值 0.10%
    窗口价格: 高 0.5800 / 低 0.5800
[PX] bid=0.5700 ask=0.5900 last=0.1800 | state=FLAT awaiting=None entry=None
    时间窗口: 15.0m | 采样点数: 67
    窗口跌幅: 当前 0.00% / 最大 0.00% / 阈值 0.10%
    窗口价格: 高 0.5800 / 低 0.5800
[PX] bid=0.5700 ask=0.5900 last=0.1700 | state=FLAT awaiting=None entry=None
    时间窗口: 15.0m | 采样点数: 69
    窗口跌幅: 当前 0.00% / 最大 0.00% / 阈值 0.10%
    窗口价格: 高 0.5800 / 低 0.5800
[PX] bid=0.5700 ask=0.5900 last=0.2000 | state=FLAT awaiting=None entry=None
    时间窗口: 15.0m | 采样点数: 71
    窗口跌幅: 当前 0.00% / 最大 0.00% / 阈值 0.10%
    窗口价格: 高 0.5800 / 低 0.5800
[PX] bid=0.5700 ask=0.5900 last=0.2000 | state=FLAT awaiting=None entry=None
    时间窗口: 15.0m | 采样点数: 71
    窗口跌幅: 当前 0.00% / 最大 0.00% / 阈值 0.10%
    窗口价格: 高 0.5800 / 低 0.5800
[PX] bid=0.5700 ask=0.5900 last=0.1900 | state=FLAT awaiting=None entry=None
    时间窗口: 15.0m | 采样点数: 69
    窗口跌幅: 当前 0.00% / 最大 0.00% / 阈值 0.10%
    窗口价格: 高 0.5800 / 低 0.5800
[PX] bid=0.5700 ask=0.5900 last=0.5500 | state=FLAT awaiting=None entry=None
    时间窗口: 15.0m | 采样点数: 71
    窗口跌幅: 当前 0.00% / 最大 0.00% / 阈值 0.10%
    窗口价格: 高 0.5800 / 低 0.5800
[PX] bid=0.5700 ask=0.5900 last=0.5400 | state=FLAT awaiting=None entry=None
    时间窗口: 15.0m | 采样点数: 75
    窗口跌幅: 当前 0.00% / 最大 0.00% / 阈值 0.10%
    窗口价格: 高 0.5800 / 低 0.5800
[PX] bid=0.5700 ask=0.5900 last=0.1700 | state=FLAT awaiting=None entry=None
    时间窗口: 15.0m | 采样点数: 77
    窗口跌幅: 当前 0.00% / 最大 0.00% / 阈值 0.10%
    窗口价格: 高 0.5800 / 低 0.5800
[PX] bid=0.5700 ask=0.5900 last=0.5100 | state=FLAT awaiting=None entry=None
    时间窗口: 15.0m | 采样点数: 75
    窗口跌幅: 当前 0.00% / 最大 0.00% / 阈值 0.10%
    窗口价格: 高 0.5800 / 低 0.5800
[PX] bid=0.5700 ask=0.5900 last=0.5300 | state=FLAT awaiting=None entry=None
    时间窗口: 15.0m | 采样点数: 73
    窗口跌幅: 当前 0.00% / 最大 0.00% / 阈值 0.10%
    窗口价格: 高 0.5800 / 低 0.5800
[PX] bid=0.5700 ask=0.5900 last=0.5500 | state=FLAT awaiting=None entry=None
    时间窗口: 15.0m | 采样点数: 70
    窗口跌幅: 当前 0.00% / 最大 0.00% / 阈值 0.10%
    窗口价格: 高 0.5800 / 低 0.5800
[PX] bid=0.5700 ask=0.5900 last=0.1700 | state=FLAT awaiting=None entry=None
    时间窗口: 15.0m | 采样点数: 73
    窗口跌幅: 当前 0.00% / 最大 0.00% / 阈值 0.10%
    窗口价格: 高 0.5800 / 低 0.5800
[PX] bid=0.5700 ask=0.5900 last=0.5500 | state=FLAT awaiting=None entry=None
    时间窗口: 15.0m | 采样点数: 71
    窗口跌幅: 当前 0.00% / 最大 0.00% / 阈值 0.10%
    窗口价格: 高 0.5800 / 低 0.5800
[PX] bid=0.5700 ask=0.5900 last=0.2000 | state=FLAT awaiting=None entry=None
    时间窗口: 15.0m | 采样点数: 74
    窗口跌幅: 当前 0.00% / 最大 0.00% / 阈值 0.10%
    窗口价格: 高 0.5800 / 低 0.5800
