[CONFIG] 使用配置文件: /root/data/run_params_101443205557953769944584140209356208074985603773882357999963509274129845972413.json
[INIT] API 凭证已验证。
[INIT] ClobClient 就绪。
[INFO] 未提供 market_url，尝试通过 token_id 获取市场元数据。
[INFO] 市场/子问题标题: Will the Iranian regime fall by March 31?
[INFO] 使用 token_id: 101443205557953769944584140209356208074985603773882357999963509274129845972413
[INFO] 市场标注时区: America/New_York
[INFO] 市场计划截止时间 (UTC): 2026-03-31T00:00:00+00:00
[WARN] 自动获取的截止日期缺少具体时刻，已按默认配置设置截止时间为 2026-03-31T23:59:00-04:00 (America/New_York)。
[INFO] 监控目标结束时间 (UTC): 2026-04-01T03:59:00+00:00
[INFO] 未能识别市场价格精度，默认按盈利百分比下限 0.300% 执行。
[INIT] 目标 token_id: 101443205557953769944584140209356208074985603773882357999963509274129845972413
[INIT] 已读取手动份数 10.0，模式：总持仓目标。
[INIT] 卖出挂单模式：aggressive
[INIT] 卖出后递增买入阈值已启用，步长 0.0200%。
[INIT] 价格停滞监控窗口 120.0 分钟，阈值 0.0000%。
[INIT] 启动后无行情自动退出阈值 10.0 分钟。
[INIT] 卖出挂单空窗释放阈值 6.0 小时。
[INFO] 倒计时卖出模式将在市场结束前 300 分钟开启。
[RUN] 监听行情中… 输入 stop / exit 可手动停止。
[CONFIG] 使用配置文件: /root/data/run_params_101443205557953769944584140209356208074985603773882357999963509274129845972413.json
[INIT] API 凭证已验证。
[INIT] ClobClient 就绪。
[INFO] 未提供 market_url，尝试通过 token_id 获取市场元数据。
[INFO] 市场/子问题标题: Will the Iranian regime fall by March 31?
[INFO] 使用 token_id: 101443205557953769944584140209356208074985603773882357999963509274129845972413
[INFO] 市场标注时区: America/New_York
[INFO] 市场计划截止时间 (UTC): 2026-03-31T00:00:00+00:00
[WARN] 自动获取的截止日期缺少具体时刻，已按默认配置设置截止时间为 2026-03-31T23:59:00-04:00 (America/New_York)。
[INFO] 监控目标结束时间 (UTC): 2026-04-01T03:59:00+00:00
[INFO] 未能识别市场价格精度，默认按盈利百分比下限 0.300% 执行。
[INIT] 目标 token_id: 101443205557953769944584140209356208074985603773882357999963509274129845972413
[INIT] 已读取手动份数 10.0，模式：总持仓目标。
[INIT] 卖出挂单模式：aggressive
[INIT] 卖出后递增买入阈值已启用，步长 0.0200%。
[INIT] 价格停滞监控窗口 120.0 分钟，阈值 0.0000%。
[INIT] 启动后无行情自动退出阈值 10.0 分钟。
[INIT] 卖出挂单空窗释放阈值 6.0 小时。
[INFO] 倒计时卖出模式将在市场结束前 300 分钟开启。
[RUN] 监听行情中… 输入 stop / exit 可手动停止。
