[CONFIG] 使用配置文件: /root/data/run_params_94521268801533640253484626268475643884882213091508756864952897781498391313602.json
[INIT] API 凭证已验证。
[INIT] ClobClient 就绪。
[INFO] 未提供 market_url，尝试通过 token_id 获取市场元数据。
[INFO] 市场/子问题标题: Will Russia capture Kostyantynivka by March 31?
[INFO] 使用 token_id: 94521268801533640253484626268475643884882213091508756864952897781498391313602
[INFO] 市场标注时区: America/New_York
[INFO] 市场计划截止时间 (UTC): 2026-03-31T12:00:00+00:00
[INFO] 监控目标结束时间 (UTC): 2026-03-31T12:00:00+00:00
[INFO] 未能识别市场价格精度，默认按盈利百分比下限 0.300% 执行。
[INIT] 目标 token_id: 94521268801533640253484626268475643884882213091508756864952897781498391313602
[INIT] 已读取手动份数 10.0，模式：总持仓目标。
[INIT] 卖出挂单模式：aggressive
[INIT] 卖出后递增买入阈值已启用，步长 0.0200%。
[INIT] 价格停滞监控窗口 120.0 分钟，阈值 0.0000%。
[INIT] 启动后无行情自动退出阈值 10.0 分钟。
[INIT] 卖出挂单空窗释放阈值 6.0 小时。
[INFO] 倒计时卖出模式将在市场结束前 300 分钟开启。
[RUN] 监听行情中… 输入 stop / exit 可手动停止。
[WAIT] 尚未收到行情，继续等待… | ws=init age=5s
[WAIT] 尚未收到行情，继续等待… | ws=init age=10s
[WAIT] 尚未收到行情，继续等待… | ws=init age=15s
[WAIT] 尚未收到行情，继续等待… | ws=init age=20s
[WAIT] 尚未收到行情，继续等待… | ws=init age=25s
[WAIT] 尚未收到行情，继续等待… | ws=init age=30s
[WAIT] 尚未收到行情，继续等待… | ws=init age=35s
[WAIT] 尚未收到行情，继续等待… | ws=init age=40s
[WAIT] 尚未收到行情，继续等待… | ws=init age=45s
[WAIT] 尚未收到行情，继续等待… | ws=init age=50s
[WAIT] 尚未收到行情，继续等待… | ws=init age=55s
[WAIT] 尚未收到行情，继续等待… | ws=init age=60s
