[CONFIG] 使用配置文件: /root/data/run_params_15704223254061637699665008299235004894744524204070683496068480275285392327272.json
[INIT] API 凭证已验证。
[INIT] ClobClient 就绪。
[INFO] 未提供 market_url，尝试通过 token_id 获取市场元数据。
[INFO] 市场/子问题标题: US strikes Iran by June 30, 2026?
[INFO] 使用 token_id: 15704223254061637699665008299235004894744524204070683496068480275285392327272
[INFO] 市场标注时区: America/New_York
[INFO] 市场计划截止时间 (UTC): 2026-06-30T00:00:00+00:00
[WARN] 自动获取的截止日期缺少具体时刻，已按默认配置设置截止时间为 2026-06-30T23:59:00-04:00 (America/New_York)。
[INFO] 监控目标结束时间 (UTC): 2026-07-01T03:59:00+00:00
[INFO] 未能识别市场价格精度，默认按盈利百分比下限 0.300% 执行。
[INIT] 目标 token_id: 15704223254061637699665008299235004894744524204070683496068480275285392327272
[INIT] 已读取手动份数 10.0，模式：总持仓目标。
[INIT] 卖出挂单模式：aggressive
[INIT] 卖出后递增买入阈值已启用，步长 0.0200%。
[INIT] 价格停滞监控窗口 120.0 分钟，阈值 0.0000%。
[INIT] 启动后无行情自动退出阈值 10.0 分钟。
[INIT] 卖出挂单空窗释放阈值 6.0 小时。
[INFO] 倒计时卖出模式将在市场结束前 300 分钟开启。
[RUN] 监听行情中… 输入 stop / exit 可手动停止。
[WAIT] 尚未收到行情，继续等待… | ws=init age=5s
[WAIT] 尚未收到行情，继续等待… | ws=init age=10s
[WAIT] 尚未收到行情，继续等待… | ws=init age=15s
[WAIT] 尚未收到行情，继续等待… | ws=init age=20s
[WAIT] 尚未收到行情，继续等待… | ws=init age=25s
[WAIT] 尚未收到行情，继续等待… | ws=init age=30s
[WAIT] 尚未收到行情，继续等待… | ws=init age=35s
[WAIT] 尚未收到行情，继续等待… | ws=init age=40s
[WAIT] 尚未收到行情，继续等待… | ws=init age=45s
[WAIT] 尚未收到行情，继续等待… | ws=init age=50s
[WAIT] 尚未收到行情，继续等待… | ws=init age=55s
[WAIT] 尚未收到行情，继续等待… | ws=init age=60s
[WAIT] 尚未收到行情，继续等待… | ws=init age=65s
[WATCHDOG][POSITION] [LOOP] -> origin=data-api positions(limit=500, total=2, param=user) via env:POLY_FUNDER avg=0.6300 size=10.0000
[STATE] 同步策略持仓 -> price=0.6300 size=10.0000
[STATE] 同步远端持仓后，标记等待卖出以避免误入买入分支。
[MAKER][SELL] 挂单 -> price=0.64 qty=10.00 remaining=10.00
[WATCHDOG][SELL] 持仓检查 -> origin=data-api positions(limit=500, total=2, param=user) via env:POLY_FUNDER avg=0.6300 size=10.0000
[TRADE][SELL][MAKER] resp={'status': 'ABANDONED', 'avg_price': None, 'filled': 0.0, 'remaining': 10.0, 'orders': [{'id': '0x0c75f917fbfd4975c2f67fb7b35b894d8d2d5526783b4ea2ffb3e34ce2072e2d', 'side': 'sell', 'price': 0.64, 'size': 10.0, 'status': 'OPEN', 'filled': 0.0}]}
[RELEASE] 卖出挂单长期无动作，停止做市逻辑但保留挂单。
[PX] bid=0.4000 ask=0.4100 last=0.1100 | state=LONG awaiting=None entry=0.63
    时间窗口: 15.0m | 采样点数: 1
    窗口跌幅: 当前 0.00% / 最大 0.00% / 阈值 0.10%
    窗口价格: 高 0.4050 / 低 0.4050
[EXIT] 最终状态: {'state': 'LONG', 'awaiting': None, 'entry_price': 0.63, 'sell_trigger': 0.63315, 'position_size': 10.0, 'last_signal': None, 'last_buy_price': 0.63, 'last_sell_price': None, 'price_history_len': 1, 'manual_stop': True, 'manual_stop_reason': 'sell inactive release', 'sell_only': False, 'sell_only_reason': None, 'last_reject_reason': None, 'last_tick': {'ts': 1768782789.787, 'best_ask': 0.41, 'best_bid': 0.4}, 'drop_stats': {'window_high': 0.405, 'window_low': 0.405, 'max_drop_ratio': 0.0, 'current_drop_ratio': 0.0, 'window_seconds': 900.0}, 'config': {'token_id': '15704223254061637699665008299235004894744524204070683496068480275285392327272', 'buy_price_threshold': None, 'profit_ratio': 0.005, 'drop_window_minutes': 15.0, 'drop_pct': 0.001, 'profit_pct': 0.005, 'max_history_points': 600, 'price_band': (0.0, 1.0), 'disable_duplicate_signal': True, 'enable_incremental_drop_pct': True, 'incremental_drop_pct_step': 0.0002, 'incremental_drop_pct_cap': 0.2, 'min_market_order_size': None}}
[CLAIM] 未检测到需要 claim 的仓位，脚本结束。
